Started GET "/home" for 127.0.0.1 at 2018-10-25 15:46:52 +0300
  
ActionController::RoutingError (uninitialized constant PagesController):
  
bootsnap (1.3.2) lib/bootsnap/load_path_cache/core_ext/active_support.rb:74:in `block in load_missing_constant'
bootsnap (1.3.2) lib/bootsnap/load_path_cache/core_ext/active_support.rb:8:in `without_bootsnap_cache'
bootsnap (1.3.2) lib/bootsnap/load_path_cache/core_ext/active_support.rb:74:in `rescue in load_missing_constant'
bootsnap (1.3.2) lib/bootsnap/load_path_cache/core_ext/active_support.rb:56:in `load_missing_constant'
activesupport (5.2.1) lib/active_support/inflector/methods.rb:283:in `const_get'
activesupport (5.2.1) lib/active_support/inflector/methods.rb:283:in `block in constantize'
activesupport (5.2.1) lib/active_support/inflector/methods.rb:281:in `each'
activesupport (5.2.1) lib/active_support/inflector/methods.rb:281:in `inject'
activesupport (5.2.1) lib/active_support/inflector/methods.rb:281:in `constantize'
actionpack (5.2.1) lib/action_dispatch/http/request.rb:88:in `controller_class_for'
actionpack (5.2.1) lib/action_dispatch/http/request.rb:81:in `controller_class'
actionpack (5.2.1) lib/action_dispatch/routing/route_set.rb:46:in `controller'
actionpack (5.2.1) lib/action_dispatch/routing/route_set.rb:32:in `serve'
actionpack (5.2.1) lib/action_dispatch/journey/router.rb:52:in `block in serve'
actionpack (5.2.1) lib/action_dispatch/journey/router.rb:35:in `each'
actionpack (5.2.1) lib/action_dispatch/journey/router.rb:35:in `serve'
actionpack (5.2.1) lib/action_dispatch/routing/route_set.rb:840:in `call'
rack (2.0.5) lib/rack/tempfile_reaper.rb:15:in `call'
rack (2.0.5) lib/rack/etag.rb:25:in `call'
rack (2.0.5) lib/rack/conditional_get.rb:25:in `call'
rack (2.0.5) lib/rack/head.rb:12:in `call'
actionpack (5.2.1) lib/action_dispatch/http/content_security_policy.rb:18:in `call'
rack (2.0.5) lib/rack/session/abstract/id.rb:232:in `context'
rack (2.0.5) lib/rack/session/abstract/id.rb:226:in `call'
actionpack (5.2.1) lib/action_dispatch/middleware/cookies.rb:670:in `call'
activerecord (5.2.1) lib/active_record/migration.rb:559:in `call'
actionpack (5.2.1) lib/action_dispatch/middleware/callbacks.rb:28:in `block in call'
activesupport (5.2.1) lib/active_support/callbacks.rb:98:in `run_callbacks'
actionpack (5.2.1) lib/action_dispatch/middleware/callbacks.rb:26:in `call'
actionpack (5.2.1) lib/action_dispatch/middleware/executor.rb:14:in `call'
actionpack (5.2.1) lib/action_dispatch/middleware/debug_exceptions.rb:61:in `call'
web-console (3.7.0) lib/web_console/middleware.rb:135:in `call_app'
web-console (3.7.0) lib/web_console/middleware.rb:30:in `block in call'
web-console (3.7.0) lib/web_console/middleware.rb:20:in `catch'
web-console (3.7.0) lib/web_console/middleware.rb:20:in `call'
actionpack (5.2.1) lib/action_dispatch/middleware/show_exceptions.rb:33:in `call'
railties (5.2.1) lib/rails/rack/logger.rb:38:in `call_app'
railties (5.2.1) lib/rails/rack/logger.rb:26:in `block in call'
activesupport (5.2.1) lib/active_support/tagged_logging.rb:71:in `block in tagged'
activesupport (5.2.1) lib/active_support/tagged_logging.rb:28:in `tagged'
activesupport (5.2.1) lib/active_support/tagged_logging.rb:71:in `tagged'
railties (5.2.1) lib/rails/rack/logger.rb:26:in `call'
sprockets-rails (3.2.1) lib/sprockets/rails/quiet_assets.rb:13:in `call'
actionpack (5.2.1) lib/action_dispatch/middleware/remote_ip.rb:81:in `call'
actionpack (5.2.1) lib/action_dispatch/middleware/request_id.rb:27:in `call'
rack (2.0.5) lib/rack/method_override.rb:22:in `call'
rack (2.0.5) lib/rack/runtime.rb:22:in `call'
activesupport (5.2.1) lib/active_support/cache/strategy/local_cache_middleware.rb:29:in `call'
actionpack (5.2.1) lib/action_dispatch/middleware/executor.rb:14:in `call'
actionpack (5.2.1) lib/action_dispatch/middleware/static.rb:127:in `call'
rack (2.0.5) lib/rack/sendfile.rb:111:in `call'
railties (5.2.1) lib/rails/engine.rb:524:in `call'
puma (3.12.0) lib/puma/configuration.rb:225:in `call'
puma (3.12.0) lib/puma/server.rb:658:in `handle_request'
puma (3.12.0) lib/puma/server.rb:472:in `process_client'
puma (3.12.0) lib/puma/server.rb:332:in `block in run'
puma (3.12.0) lib/puma/thread_pool.rb:133:in `block in spawn_thread'
Started GET "/home" for 127.0.0.1 at 2018-10-25 15:48:22 +0300
Processing by PagesController#home as HTML
  Rendering pages/home.html.erb within layouts/application
  Rendered pages/home.html.erb within layouts/application (0.3ms)
Completed 200 OK in 344ms (Views: 339.8ms | ActiveRecord: 0.0ms)


Started GET "/home" for 127.0.0.1 at 2018-10-25 15:52:03 +0300
Processing by PagesController#home as HTML
  Rendering pages/home.html.erb within layouts/application
  Rendered pages/home.html.erb within layouts/application (0.3ms)
Completed 200 OK in 29ms (Views: 25.2ms | ActiveRecord: 0.0ms)


Started GET "/home" for 127.0.0.1 at 2018-10-25 15:52:34 +0300
Processing by PagesController#home as HTML
  Rendering pages/home.html.erb within layouts/application
  Rendered pages/home.html.erb within layouts/application (0.5ms)
Completed 200 OK in 27ms (Views: 23.5ms | ActiveRecord: 0.0ms)


Started GET "/home" for 127.0.0.1 at 2018-10-25 15:52:42 +0300
Processing by PagesController#home as HTML
  Rendering pages/home.html.erb within layouts/application
  Rendered pages/home.html.erb within layouts/application (0.4ms)
Completed 200 OK in 32ms (Views: 29.4ms | ActiveRecord: 0.0ms)


Started GET "/home" for 127.0.0.1 at 2018-10-25 15:52:47 +0300
Processing by PagesController#home as HTML
  Rendering pages/home.html.erb within layouts/application
  Rendered pages/home.html.erb within layouts/application (0.5ms)
Completed 200 OK in 25ms (Views: 21.1ms | ActiveRecord: 0.0ms)


Started GET "/home" for 127.0.0.1 at 2018-10-25 15:52:59 +0300
Processing by PagesController#home as HTML
  Rendering pages/home.html.erb within layouts/application
  Rendered pages/home.html.erb within layouts/application (0.9ms)
Completed 200 OK in 25ms (Views: 22.3ms | ActiveRecord: 0.0ms)


Started GET "/books" for 127.0.0.1 at 2018-10-25 15:57:11 +0300
Processing by BooksController#index as HTML
  Rendering books/index.html.erb within layouts/application
  Rendered books/index.html.erb within layouts/application (0.7ms)
Completed 200 OK in 34ms (Views: 30.4ms | ActiveRecord: 0.0ms)


Started GET "/books" for 127.0.0.1 at 2018-10-25 16:00:06 +0300
Processing by BooksController#index as HTML
  Rendering books/index.html.erb within layouts/application
  Rendered books/index.html.erb within layouts/application (1.0ms)
Completed 200 OK in 32ms (Views: 29.0ms | ActiveRecord: 0.0ms)


Started GET "/books" for 127.0.0.1 at 2018-10-25 16:00:08 +0300
Processing by BooksController#index as HTML
  Rendering books/index.html.erb within layouts/application
  Rendered books/index.html.erb within layouts/application (0.5ms)
Completed 200 OK in 59ms (Views: 54.4ms | ActiveRecord: 0.0ms)


Started GET "/home" for 127.0.0.1 at 2018-10-25 16:00:11 +0300
Processing by PagesController#home as HTML
  Rendering pages/home.html.erb within layouts/application
  Rendered pages/home.html.erb within layouts/application (0.4ms)
Completed 200 OK in 30ms (Views: 24.7ms | ActiveRecord: 0.0ms)


Started GET "/books" for 127.0.0.1 at 2018-10-25 16:00:12 +0300
Processing by BooksController#index as HTML
  Rendering books/index.html.erb within layouts/application
  Rendered books/index.html.erb within layouts/application (1.9ms)
Completed 200 OK in 60ms (Views: 53.2ms | ActiveRecord: 0.0ms)


Started GET "/books" for 127.0.0.1 at 2018-10-25 16:03:01 +0300
Processing by BooksController#index as HTML
  Rendering books/index.html.erb within layouts/application
  Rendered books/index.html.erb within layouts/application (0.6ms)
Completed 200 OK in 23ms (Views: 20.3ms | ActiveRecord: 0.0ms)


Started GET "/books" for 127.0.0.1 at 2018-10-25 16:04:14 +0300
Processing by BooksController#index as HTML
  Rendering books/index.html.erb within layouts/application
  Rendered books/index.html.erb within layouts/application (0.5ms)
Completed 200 OK in 24ms (Views: 20.8ms | ActiveRecord: 0.0ms)


Started GET "/books" for 127.0.0.1 at 2018-10-25 16:07:35 +0300
Processing by BooksController#index as HTML
  Rendering books/index.html.erb within layouts/application
  Rendered books/index.html.erb within layouts/application (0.5ms)
Completed 200 OK in 35ms (Views: 27.5ms | ActiveRecord: 0.0ms)


Started GET "/books" for 127.0.0.1 at 2018-10-25 16:08:09 +0300
Processing by BooksController#index as HTML
  Rendering books/index.html.erb within layouts/application
  Rendered books/index.html.erb within layouts/application (0.4ms)
Completed 200 OK in 28ms (Views: 24.9ms | ActiveRecord: 0.0ms)


Started GET "/books" for 127.0.0.1 at 2018-10-25 16:08:17 +0300
Processing by BooksController#index as HTML
  Rendering books/index.html.erb within layouts/application
  Rendered books/index.html.erb within layouts/application (0.7ms)
Completed 200 OK in 29ms (Views: 25.4ms | ActiveRecord: 0.0ms)


Started GET "/books" for 127.0.0.1 at 2018-10-25 16:10:12 +0300
Processing by BooksController#index as HTML
  Rendering books/index.html.erb within layouts/application
  Rendered books/index.html.erb within layouts/application (0.5ms)
Completed 200 OK in 27ms (Views: 24.2ms | ActiveRecord: 0.0ms)


Started GET "/books/tt" for 127.0.0.1 at 2018-10-25 16:13:04 +0300
Processing by BooksController#show as HTML
  Parameters: {"title"=>"tt"}
  Rendering books/show.html.erb within layouts/application
  Rendered books/show.html.erb within layouts/application (0.3ms)
Completed 200 OK in 42ms (Views: 36.9ms | ActiveRecord: 0.0ms)


Started GET "/books/tt" for 127.0.0.1 at 2018-10-25 16:15:37 +0300
Processing by BooksController#show as HTML
  Parameters: {"title"=>"tt"}
  Rendering books/show.html.erb within layouts/application
  Rendered books/show.html.erb within layouts/application (0.4ms)
Completed 200 OK in 22ms (Views: 18.7ms | ActiveRecord: 0.0ms)


Started GET "/books/sultan%20alsamaani" for 127.0.0.1 at 2018-10-25 16:15:47 +0300
Processing by BooksController#show as HTML
  Parameters: {"title"=>"sultan alsamaani"}
  Rendering books/show.html.erb within layouts/application
  Rendered books/show.html.erb within layouts/application (0.6ms)
Completed 200 OK in 33ms (Views: 28.9ms | ActiveRecord: 0.0ms)


Started GET "/books/" for 127.0.0.1 at 2018-10-25 16:26:02 +0300
Processing by BooksController#index as HTML
  Rendering books/index.html.erb within layouts/application
  Rendered books/index.html.erb within layouts/application (0.5ms)
Completed 200 OK in 41ms (Views: 36.2ms | ActiveRecord: 0.0ms)


Started GET "/books/" for 127.0.0.1 at 2018-10-25 16:30:01 +0300
Processing by BooksController#index as HTML
  Rendering books/index.html.erb within layouts/application
  Rendered books/index.html.erb within layouts/application (6.0ms)
Completed 500 Internal Server Error in 20ms (ActiveRecord: 0.0ms)


  
ActionView::Template::Error (undefined method `each' for nil:NilClass):
    1: <h1>All Books</h1>
    2: <ul>
    3:  <% @books.each do |book| %>
    4: <li> <%=book%> </li>
    5:  <% end %>
    6:  </ul>
  
app/views/books/index.html.erb:3:in `_app_views_books_index_html_erb___2436606099146779301_70329157617300'
Started GET "/books/" for 127.0.0.1 at 2018-10-25 16:31:10 +0300
Processing by BooksController#index as HTML
  Rendering books/index.html.erb within layouts/application
  Rendered books/index.html.erb within layouts/application (0.6ms)
Completed 500 Internal Server Error in 39ms (ActiveRecord: 0.0ms)


  
ActionView::Template::Error (undefined method `each' for nil:NilClass):
    12:   <body>
    13:   <h1>All Books</h1>
    14: 
    15: <% @books.each do |book| %>
    16:   <p>
    17:     <a href="/books/<%= book %>">
    18:       <%= book %>
  
app/views/layouts/application.html.erb:15:in `_app_views_layouts_application_html_erb___3358554019869638411_70329153970700'
Started GET "/books/" for 127.0.0.1 at 2018-10-25 16:31:18 +0300
Processing by BooksController#index as HTML
  Rendering books/index.html.erb within layouts/application
  Rendered books/index.html.erb within layouts/application (0.3ms)
Completed 500 Internal Server Error in 40ms (ActiveRecord: 0.0ms)


  
ActionView::Template::Error (undefined method `each' for nil:NilClass):
    12:   <body>
    13:   <h1>All Books</h1>
    14: 
    15: <% @books.each do |book| %>
    16:   <p>
    17:     <a href="/books/<%= book %>">
    18:       <%= book %>
  
app/views/layouts/application.html.erb:15:in `_app_views_layouts_application_html_erb___3358554019869638411_70329164274460'
Started GET "/Books/" for 127.0.0.1 at 2018-10-25 16:31:37 +0300
  
ActionController::RoutingError (No route matches [GET] "/Books"):
  
actionpack (5.2.1) lib/action_dispatch/middleware/debug_exceptions.rb:65:in `call'
web-console (3.7.0) lib/web_console/middleware.rb:135:in `call_app'
web-console (3.7.0) lib/web_console/middleware.rb:30:in `block in call'
web-console (3.7.0) lib/web_console/middleware.rb:20:in `catch'
web-console (3.7.0) lib/web_console/middleware.rb:20:in `call'
actionpack (5.2.1) lib/action_dispatch/middleware/show_exceptions.rb:33:in `call'
railties (5.2.1) lib/rails/rack/logger.rb:38:in `call_app'
railties (5.2.1) lib/rails/rack/logger.rb:26:in `block in call'
activesupport (5.2.1) lib/active_support/tagged_logging.rb:71:in `block in tagged'
activesupport (5.2.1) lib/active_support/tagged_logging.rb:28:in `tagged'
activesupport (5.2.1) lib/active_support/tagged_logging.rb:71:in `tagged'
railties (5.2.1) lib/rails/rack/logger.rb:26:in `call'
sprockets-rails (3.2.1) lib/sprockets/rails/quiet_assets.rb:13:in `call'
actionpack (5.2.1) lib/action_dispatch/middleware/remote_ip.rb:81:in `call'
actionpack (5.2.1) lib/action_dispatch/middleware/request_id.rb:27:in `call'
rack (2.0.5) lib/rack/method_override.rb:22:in `call'
rack (2.0.5) lib/rack/runtime.rb:22:in `call'
activesupport (5.2.1) lib/active_support/cache/strategy/local_cache_middleware.rb:29:in `call'
actionpack (5.2.1) lib/action_dispatch/middleware/executor.rb:14:in `call'
actionpack (5.2.1) lib/action_dispatch/middleware/static.rb:127:in `call'
rack (2.0.5) lib/rack/sendfile.rb:111:in `call'
railties (5.2.1) lib/rails/engine.rb:524:in `call'
puma (3.12.0) lib/puma/configuration.rb:225:in `call'
puma (3.12.0) lib/puma/server.rb:658:in `handle_request'
puma (3.12.0) lib/puma/server.rb:472:in `process_client'
puma (3.12.0) lib/puma/server.rb:332:in `block in run'
puma (3.12.0) lib/puma/thread_pool.rb:133:in `block in spawn_thread'
Started GET "/Books/" for 127.0.0.1 at 2018-10-25 16:32:56 +0300
  
ActionController::RoutingError (No route matches [GET] "/Books"):
  
actionpack (5.2.1) lib/action_dispatch/middleware/debug_exceptions.rb:65:in `call'
web-console (3.7.0) lib/web_console/middleware.rb:135:in `call_app'
web-console (3.7.0) lib/web_console/middleware.rb:30:in `block in call'
web-console (3.7.0) lib/web_console/middleware.rb:20:in `catch'
web-console (3.7.0) lib/web_console/middleware.rb:20:in `call'
actionpack (5.2.1) lib/action_dispatch/middleware/show_exceptions.rb:33:in `call'
railties (5.2.1) lib/rails/rack/logger.rb:38:in `call_app'
railties (5.2.1) lib/rails/rack/logger.rb:26:in `block in call'
activesupport (5.2.1) lib/active_support/tagged_logging.rb:71:in `block in tagged'
activesupport (5.2.1) lib/active_support/tagged_logging.rb:28:in `tagged'
activesupport (5.2.1) lib/active_support/tagged_logging.rb:71:in `tagged'
railties (5.2.1) lib/rails/rack/logger.rb:26:in `call'
sprockets-rails (3.2.1) lib/sprockets/rails/quiet_assets.rb:13:in `call'
actionpack (5.2.1) lib/action_dispatch/middleware/remote_ip.rb:81:in `call'
actionpack (5.2.1) lib/action_dispatch/middleware/request_id.rb:27:in `call'
rack (2.0.5) lib/rack/method_override.rb:22:in `call'
rack (2.0.5) lib/rack/runtime.rb:22:in `call'
activesupport (5.2.1) lib/active_support/cache/strategy/local_cache_middleware.rb:29:in `call'
actionpack (5.2.1) lib/action_dispatch/middleware/executor.rb:14:in `call'
actionpack (5.2.1) lib/action_dispatch/middleware/static.rb:127:in `call'
rack (2.0.5) lib/rack/sendfile.rb:111:in `call'
railties (5.2.1) lib/rails/engine.rb:524:in `call'
puma (3.12.0) lib/puma/configuration.rb:225:in `call'
puma (3.12.0) lib/puma/server.rb:658:in `handle_request'
puma (3.12.0) lib/puma/server.rb:472:in `process_client'
puma (3.12.0) lib/puma/server.rb:332:in `block in run'
puma (3.12.0) lib/puma/thread_pool.rb:133:in `block in spawn_thread'
Started GET "/books/" for 127.0.0.1 at 2018-10-25 16:33:31 +0300
Processing by BooksController#index as HTML
  Rendering books/index.html.erb within layouts/application
  Rendered books/index.html.erb within layouts/application (1.7ms)
Completed 500 Internal Server Error in 51ms (ActiveRecord: 0.0ms)


  
ActionView::Template::Error (undefined method `each' for nil:NilClass):
    12:   <body>
    13:   <h1>All Books</h1>
    14: 
    15: <% @books.each do |book| %>
    16:   <p>
    17:     <a href="/books/<%= book %>">
    18:       <%= book %>
  
app/views/layouts/application.html.erb:15:in `_app_views_layouts_application_html_erb___3358554019869638411_70329157012440'
Started GET "/books/" for 127.0.0.1 at 2018-10-25 16:33:54 +0300
Processing by BooksController#index as HTML
  Rendering books/index.html.erb within layouts/application
  Rendered books/index.html.erb within layouts/application (0.4ms)
Completed 200 OK in 28ms (Views: 24.7ms | ActiveRecord: 0.0ms)


