  [1m[35m (0.1ms)[0m  [1m[34mSELECT sqlite_version(*)[0m
  ↳ bin/rails:9
  [1m[35m (1.0ms)[0m  [1m[35mCREATE TABLE "schema_migrations" ("version" varchar NOT NULL PRIMARY KEY)[0m
  ↳ bin/rails:9
  [1m[35m (1.2ms)[0m  [1m[35mCREATE TABLE "ar_internal_metadata" ("key" varchar NOT NULL PRIMARY KEY, "value" varchar, "created_at" datetime NOT NULL, "updated_at" datetime NOT NULL)[0m
  ↳ bin/rails:9
  [1m[35m (0.2ms)[0m  [1m[34mSELECT "schema_migrations"."version" FROM "schema_migrations" ORDER BY "schema_migrations"."version" ASC[0m
  ↳ bin/rails:9
Migrating to CreateDonuts (20181029084529)
  [1m[35m (0.1ms)[0m  [1m[36mbegin transaction[0m
  ↳ bin/rails:9
  [1m[35m (0.8ms)[0m  [1m[35mCREATE TABLE "donuts" ("id" integer PRIMARY KEY AUTOINCREMENT NOT NULL, "name" varchar, "size" varchar, "frosting_type" varchar, "created_at" datetime NOT NULL, "updated_at" datetime NOT NULL)[0m
  ↳ db/migrate/20181029084529_create_donuts.rb:3
  [1m[36mActiveRecord::SchemaMigration Create (0.3ms)[0m  [1m[32mINSERT INTO "schema_migrations" ("version") VALUES (?)[0m  [["version", "20181029084529"]]
  ↳ bin/rails:9
  [1m[35m (1.0ms)[0m  [1m[36mcommit transaction[0m
  ↳ bin/rails:9
  [1m[36mActiveRecord::InternalMetadata Load (0.3ms)[0m  [1m[34mSELECT  "ar_internal_metadata".* FROM "ar_internal_metadata" WHERE "ar_internal_metadata"."key" = ? LIMIT ?[0m  [["key", "environment"], ["LIMIT", 1]]
  ↳ bin/rails:9
  [1m[35m (0.1ms)[0m  [1m[36mbegin transaction[0m
  ↳ bin/rails:9
  [1m[36mActiveRecord::InternalMetadata Create (0.4ms)[0m  [1m[32mINSERT INTO "ar_internal_metadata" ("key", "value", "created_at", "updated_at") VALUES (?, ?, ?, ?)[0m  [["key", "environment"], ["value", "development"], ["created_at", "2018-10-29 08:46:12.027433"], ["updated_at", "2018-10-29 08:46:12.027433"]]
  ↳ bin/rails:9
  [1m[35m (0.6ms)[0m  [1m[36mcommit transaction[0m
  ↳ bin/rails:9
  [1m[35m (0.1ms)[0m  [1m[34mSELECT "schema_migrations"."version" FROM "schema_migrations" ORDER BY "schema_migrations"."version" ASC[0m
  ↳ bin/rails:9
  [1m[35m (0.1ms)[0m  [1m[34mSELECT "schema_migrations"."version" FROM "schema_migrations" ORDER BY "schema_migrations"."version" ASC[0m
  ↳ bin/rails:9
  [1m[35m (0.1ms)[0m  [1m[36mbegin transaction[0m
  ↳ db/seeds.rb:8
  [1m[36mDonut Create (0.5ms)[0m  [1m[32mINSERT INTO "donuts" ("name", "size", "frosting_type", "created_at", "updated_at") VALUES (?, ?, ?, ?, ?)[0m  [["name", "glazed"], ["size", "medium"], ["frosting_type", "classic"], ["created_at", "2018-10-29 08:46:29.551608"], ["updated_at", "2018-10-29 08:46:29.551608"]]
  ↳ db/seeds.rb:8
  [1m[35m (0.7ms)[0m  [1m[36mcommit transaction[0m
  ↳ db/seeds.rb:8
  [1m[35m (0.1ms)[0m  [1m[36mbegin transaction[0m
  ↳ db/seeds.rb:9
  [1m[36mDonut Create (0.3ms)[0m  [1m[32mINSERT INTO "donuts" ("name", "size", "frosting_type", "created_at", "updated_at") VALUES (?, ?, ?, ?, ?)[0m  [["name", "boston cream"], ["size", "medium"], ["frosting_type", "chocolate"], ["created_at", "2018-10-29 08:46:29.554428"], ["updated_at", "2018-10-29 08:46:29.554428"]]
  ↳ db/seeds.rb:9
  [1m[35m (0.6ms)[0m  [1m[36mcommit transaction[0m
  ↳ db/seeds.rb:9
  [1m[35m (0.0ms)[0m  [1m[36mbegin transaction[0m
  ↳ db/seeds.rb:10
  [1m[36mDonut Create (0.3ms)[0m  [1m[32mINSERT INTO "donuts" ("name", "size", "frosting_type", "created_at", "updated_at") VALUES (?, ?, ?, ?, ?)[0m  [["name", "bear claws"], ["size", "large"], ["frosting_type", "cinammon"], ["created_at", "2018-10-29 08:46:29.556665"], ["updated_at", "2018-10-29 08:46:29.556665"]]
  ↳ db/seeds.rb:10
  [1m[35m (0.7ms)[0m  [1m[36mcommit transaction[0m
  ↳ db/seeds.rb:10
  [1m[35m (0.0ms)[0m  [1m[36mbegin transaction[0m
  ↳ db/seeds.rb:11
  [1m[36mDonut Create (0.3ms)[0m  [1m[32mINSERT INTO "donuts" ("name", "size", "frosting_type", "created_at", "updated_at") VALUES (?, ?, ?, ?, ?)[0m  [["name", "old fashion"], ["size", "small"], ["frosting_type", "classic"], ["created_at", "2018-10-29 08:46:29.558933"], ["updated_at", "2018-10-29 08:46:29.558933"]]
  ↳ db/seeds.rb:11
  [1m[35m (0.6ms)[0m  [1m[36mcommit transaction[0m
  ↳ db/seeds.rb:11
  [1m[36mDonut Load (0.5ms)[0m  [1m[34mSELECT  "donuts".* FROM "donuts" LIMIT ?[0m  [["LIMIT", 11]]
  [1m[36mDonut Load (0.7ms)[0m  [1m[34mSELECT "donuts".* FROM "donuts"[0m
Started GET "/" for 127.0.0.1 at 2018-10-29 13:46:13 +0300
  [1m[35m (0.2ms)[0m  [1m[34mSELECT "schema_migrations"."version" FROM "schema_migrations" ORDER BY "schema_migrations"."version" ASC[0m
  ↳ /Users/sultanalsamaani/.rvm/gems/ruby-2.5.3/gems/activerecord-5.2.1/lib/active_record/log_subscriber.rb:98
Processing by Rails::WelcomeController#index as HTML
  Rendering /Users/sultanalsamaani/.rvm/gems/ruby-2.5.3/gems/railties-5.2.1/lib/rails/templates/rails/welcome/index.html.erb
  Rendered /Users/sultanalsamaani/.rvm/gems/ruby-2.5.3/gems/railties-5.2.1/lib/rails/templates/rails/welcome/index.html.erb (8.0ms)
Completed 200 OK in 37ms (Views: 24.3ms | ActiveRecord: 0.0ms)


Started GET "/donuts/" for 127.0.0.1 at 2018-10-29 13:46:43 +0300
  
ActionController::RoutingError (No route matches [GET] "/donuts"):
  
actionpack (5.2.1) lib/action_dispatch/middleware/debug_exceptions.rb:65:in `call'
web-console (3.7.0) lib/web_console/middleware.rb:135:in `call_app'
web-console (3.7.0) lib/web_console/middleware.rb:30:in `block in call'
web-console (3.7.0) lib/web_console/middleware.rb:20:in `catch'
web-console (3.7.0) lib/web_console/middleware.rb:20:in `call'
actionpack (5.2.1) lib/action_dispatch/middleware/show_exceptions.rb:33:in `call'
railties (5.2.1) lib/rails/rack/logger.rb:38:in `call_app'
railties (5.2.1) lib/rails/rack/logger.rb:26:in `block in call'
activesupport (5.2.1) lib/active_support/tagged_logging.rb:71:in `block in tagged'
activesupport (5.2.1) lib/active_support/tagged_logging.rb:28:in `tagged'
activesupport (5.2.1) lib/active_support/tagged_logging.rb:71:in `tagged'
railties (5.2.1) lib/rails/rack/logger.rb:26:in `call'
sprockets-rails (3.2.1) lib/sprockets/rails/quiet_assets.rb:13:in `call'
actionpack (5.2.1) lib/action_dispatch/middleware/remote_ip.rb:81:in `call'
actionpack (5.2.1) lib/action_dispatch/middleware/request_id.rb:27:in `call'
rack (2.0.5) lib/rack/method_override.rb:22:in `call'
rack (2.0.5) lib/rack/runtime.rb:22:in `call'
activesupport (5.2.1) lib/active_support/cache/strategy/local_cache_middleware.rb:29:in `call'
actionpack (5.2.1) lib/action_dispatch/middleware/executor.rb:14:in `call'
actionpack (5.2.1) lib/action_dispatch/middleware/static.rb:127:in `call'
rack (2.0.5) lib/rack/sendfile.rb:111:in `call'
railties (5.2.1) lib/rails/engine.rb:524:in `call'
puma (3.12.0) lib/puma/configuration.rb:225:in `call'
puma (3.12.0) lib/puma/server.rb:658:in `handle_request'
puma (3.12.0) lib/puma/server.rb:472:in `process_client'
puma (3.12.0) lib/puma/server.rb:332:in `block in run'
puma (3.12.0) lib/puma/thread_pool.rb:133:in `block in spawn_thread'
Started GET "/donut/" for 127.0.0.1 at 2018-10-29 13:57:54 +0300
  
ActionController::RoutingError (No route matches [GET] "/donut"):
  
actionpack (5.2.1) lib/action_dispatch/middleware/debug_exceptions.rb:65:in `call'
web-console (3.7.0) lib/web_console/middleware.rb:135:in `call_app'
web-console (3.7.0) lib/web_console/middleware.rb:30:in `block in call'
web-console (3.7.0) lib/web_console/middleware.rb:20:in `catch'
web-console (3.7.0) lib/web_console/middleware.rb:20:in `call'
actionpack (5.2.1) lib/action_dispatch/middleware/show_exceptions.rb:33:in `call'
railties (5.2.1) lib/rails/rack/logger.rb:38:in `call_app'
railties (5.2.1) lib/rails/rack/logger.rb:26:in `block in call'
activesupport (5.2.1) lib/active_support/tagged_logging.rb:71:in `block in tagged'
activesupport (5.2.1) lib/active_support/tagged_logging.rb:28:in `tagged'
activesupport (5.2.1) lib/active_support/tagged_logging.rb:71:in `tagged'
railties (5.2.1) lib/rails/rack/logger.rb:26:in `call'
sprockets-rails (3.2.1) lib/sprockets/rails/quiet_assets.rb:13:in `call'
actionpack (5.2.1) lib/action_dispatch/middleware/remote_ip.rb:81:in `call'
actionpack (5.2.1) lib/action_dispatch/middleware/request_id.rb:27:in `call'
rack (2.0.5) lib/rack/method_override.rb:22:in `call'
rack (2.0.5) lib/rack/runtime.rb:22:in `call'
activesupport (5.2.1) lib/active_support/cache/strategy/local_cache_middleware.rb:29:in `call'
actionpack (5.2.1) lib/action_dispatch/middleware/executor.rb:14:in `call'
actionpack (5.2.1) lib/action_dispatch/middleware/static.rb:127:in `call'
rack (2.0.5) lib/rack/sendfile.rb:111:in `call'
railties (5.2.1) lib/rails/engine.rb:524:in `call'
puma (3.12.0) lib/puma/configuration.rb:225:in `call'
puma (3.12.0) lib/puma/server.rb:658:in `handle_request'
puma (3.12.0) lib/puma/server.rb:472:in `process_client'
puma (3.12.0) lib/puma/server.rb:332:in `block in run'
puma (3.12.0) lib/puma/thread_pool.rb:133:in `block in spawn_thread'
Started GET "/donuts/index" for 127.0.0.1 at 2018-10-29 13:58:13 +0300
Processing by DonutsController#index as HTML
  Rendering donuts/index.html.erb within layouts/application
  Rendered donuts/index.html.erb within layouts/application (9.2ms)
Completed 500 Internal Server Error in 27ms (ActiveRecord: 0.0ms)


  
ActionView::Template::Error (undefined method `each' for nil:NilClass):
    1: <h1>All the Donuts</h1>
    2: 
    3: <% @donuts.each do |donut| %>
    4: <p>Name: <%= donut.name %> </p>
    5: <p>Size: <%= donut.size %> </p>
    6: <p>Name: <%= donut.name %> </p>
  
app/views/donuts/index.html.erb:3:in `_app_views_donuts_index_html_erb__3387280547513780665_70130456502600'
Started GET "/donuts/index" for 127.0.0.1 at 2018-10-29 13:59:43 +0300
Processing by DonutsController#index as HTML
  Rendering donuts/index.html.erb within layouts/application
  [1m[36mDonut Load (0.6ms)[0m  [1m[34mSELECT "donuts".* FROM "donuts"[0m
  ↳ app/views/donuts/index.html.erb:3
  Rendered donuts/index.html.erb within layouts/application (9.8ms)
Completed 200 OK in 709ms (Views: 704.1ms | ActiveRecord: 1.3ms)


Started GET "/donuts/index" for 127.0.0.1 at 2018-10-29 14:11:09 +0300
Processing by DonutsController#show as HTML
  Parameters: {"id"=>"index"}
  Rendering donuts/show.html.erb within layouts/application
  Rendered donuts/show.html.erb within layouts/application (0.4ms)
Completed 200 OK in 29ms (Views: 25.5ms | ActiveRecord: 0.0ms)


Started GET "/donuts/" for 127.0.0.1 at 2018-10-29 14:11:15 +0300
Processing by DonutsController#index as HTML
  Rendering donuts/index.html.erb within layouts/application
  [1m[36mDonut Load (0.3ms)[0m  [1m[34mSELECT "donuts".* FROM "donuts"[0m
  ↳ app/views/donuts/index.html.erb:3
  Rendered donuts/index.html.erb within layouts/application (14.4ms)
Completed 200 OK in 51ms (Views: 40.9ms | ActiveRecord: 1.4ms)


Started GET "/donuts/" for 127.0.0.1 at 2018-10-29 14:11:52 +0300
Processing by DonutsController#index as HTML
  Rendering donuts/index.html.erb within layouts/application
  [1m[36mDonut Load (0.2ms)[0m  [1m[34mSELECT "donuts".* FROM "donuts"[0m
  ↳ app/views/donuts/index.html.erb:3
  Rendered donuts/index.html.erb within layouts/application (7.4ms)
Completed 200 OK in 36ms (Views: 29.1ms | ActiveRecord: 0.9ms)


Started GET "/donuts/index" for 127.0.0.1 at 2018-10-29 14:11:56 +0300
Processing by DonutsController#show as HTML
  Parameters: {"id"=>"index"}
  Rendering donuts/show.html.erb within layouts/application
  Rendered donuts/show.html.erb within layouts/application (0.5ms)
Completed 200 OK in 31ms (Views: 27.1ms | ActiveRecord: 0.0ms)


Started GET "/donuts/1" for 127.0.0.1 at 2018-10-29 14:19:06 +0300
Processing by DonutsController#show as HTML
  Parameters: {"id"=>"1"}
  [1m[36mDonut Load (0.2ms)[0m  [1m[34mSELECT  "donuts".* FROM "donuts" WHERE "donuts"."id" = ? LIMIT ?[0m  [["id", 1], ["LIMIT", 1]]
  ↳ app/controllers/donuts_controller.rb:7
  Rendering donuts/show.html.erb within layouts/application
  Rendered donuts/show.html.erb within layouts/application (0.3ms)
Completed 200 OK in 37ms (Views: 24.0ms | ActiveRecord: 0.8ms)


Started GET "/donuts/2" for 127.0.0.1 at 2018-10-29 14:19:11 +0300
Processing by DonutsController#show as HTML
  Parameters: {"id"=>"2"}
  [1m[36mDonut Load (0.5ms)[0m  [1m[34mSELECT  "donuts".* FROM "donuts" WHERE "donuts"."id" = ? LIMIT ?[0m  [["id", 2], ["LIMIT", 1]]
  ↳ app/controllers/donuts_controller.rb:7
  Rendering donuts/show.html.erb within layouts/application
  Rendered donuts/show.html.erb within layouts/application (0.3ms)
Completed 200 OK in 32ms (Views: 25.1ms | ActiveRecord: 0.5ms)


Started GET "/donuts/2" for 127.0.0.1 at 2018-10-29 14:20:49 +0300
Processing by DonutsController#show as HTML
  Parameters: {"id"=>"2"}
  [1m[36mDonut Load (0.3ms)[0m  [1m[34mSELECT  "donuts".* FROM "donuts" WHERE "donuts"."id" = ? LIMIT ?[0m  [["id", 2], ["LIMIT", 1]]
  ↳ app/controllers/donuts_controller.rb:7
  Rendering donuts/show.html.erb within layouts/application
  Rendered donuts/show.html.erb within layouts/application (0.4ms)
Completed 200 OK in 25ms (Views: 19.7ms | ActiveRecord: 0.3ms)


Started GET "/donuts/" for 127.0.0.1 at 2018-10-29 14:23:09 +0300
Processing by DonutsController#index as HTML
  Rendering donuts/index.html.erb within layouts/application
  [1m[36mDonut Load (0.2ms)[0m  [1m[34mSELECT "donuts".* FROM "donuts"[0m
  ↳ app/views/donuts/index.html.erb:3
  Rendered donuts/_form.html.erb (0.3ms)
  Rendered donuts/index.html.erb within layouts/application (5.6ms)
Completed 200 OK in 40ms (Views: 33.9ms | ActiveRecord: 0.2ms)


Started GET "/donuts/1" for 127.0.0.1 at 2018-10-29 14:24:15 +0300
Processing by DonutsController#show as HTML
  Parameters: {"id"=>"1"}
  [1m[36mDonut Load (0.2ms)[0m  [1m[34mSELECT  "donuts".* FROM "donuts" WHERE "donuts"."id" = ? LIMIT ?[0m  [["id", 1], ["LIMIT", 1]]
  ↳ app/controllers/donuts_controller.rb:7
  Rendering donuts/show.html.erb within layouts/application
  Rendered donuts/_form.html.erb (0.2ms)
  Rendered donuts/show.html.erb within layouts/application (2.8ms)
Completed 200 OK in 32ms (Views: 25.8ms | ActiveRecord: 0.2ms)


Started GET "/donuts/1" for 127.0.0.1 at 2018-10-29 14:26:01 +0300
Processing by DonutsController#show as HTML
  Parameters: {"id"=>"1"}
  [1m[36mDonut Load (0.2ms)[0m  [1m[34mSELECT  "donuts".* FROM "donuts" WHERE "donuts"."id" = ? LIMIT ?[0m  [["id", 1], ["LIMIT", 1]]
  ↳ app/controllers/donuts_controller.rb:7
  Rendering donuts/show.html.erb within layouts/application
  Rendered donuts/_nav.html.erb (0.3ms)
  Rendered donuts/_form.html.erb (0.3ms)
  Rendered donuts/show.html.erb within layouts/application (6.8ms)
Completed 200 OK in 29ms (Views: 25.0ms | ActiveRecord: 0.2ms)


Started GET "/donuts/new" for 127.0.0.1 at 2018-10-29 14:30:53 +0300
Processing by DonutsController#new as HTML
  Rendering donuts/new.html.erb within layouts/application
  Rendered donuts/new.html.erb within layouts/application (0.6ms)
Completed 200 OK in 30ms (Views: 26.2ms | ActiveRecord: 0.0ms)


Started GET "/donuts/new" for 127.0.0.1 at 2018-10-29 14:32:03 +0300
Processing by DonutsController#new as HTML
  Rendering donuts/new.html.erb within layouts/application
  Rendered donuts/_nav.html.erb (0.3ms)
  Rendered donuts/new.html.erb within layouts/application (2.8ms)
Completed 200 OK in 29ms (Views: 26.0ms | ActiveRecord: 0.0ms)


Started GET "/donuts/new" for 127.0.0.1 at 2018-10-29 14:32:30 +0300
Processing by DonutsController#new as HTML
  Rendering donuts/new.html.erb within layouts/application
  Rendered donuts/_nav.html.erb (0.3ms)
  Rendered donuts/_form.html.erb (0.3ms)
  Rendered donuts/new.html.erb within layouts/application (7.3ms)
Completed 200 OK in 33ms (Views: 29.7ms | ActiveRecord: 0.0ms)


Started GET "/donuts/new" for 127.0.0.1 at 2018-10-29 14:39:17 +0300
Processing by DonutsController#new as HTML
  Rendering donuts/new.html.erb within layouts/application
  Rendered donuts/_nav.html.erb (0.6ms)
  Rendered donuts/_form.html.erb (127.3ms)
  Rendered donuts/new.html.erb within layouts/application (133.3ms)
Completed 500 Internal Server Error in 152ms (ActiveRecord: 1.4ms)


  
ActionView::Template::Error (undefined method `from_for' for #<#<Class:0x00007f910deb98d0>:0x00007f910deb3ef8>
Did you mean?  form_for):
    1: <h1> i am a form </h1>
    2: 
    3: <%= from_for @donut do |form| %>
    4: Name:<%= form.text_field :name %>
    5: Size:<%= form.text_field :size %>
    6: Frosting:<%= form.text_field :frosting_type %>
  
app/views/donuts/_form.html.erb:3:in `_app_views_donuts__form_html_erb__3451947788491927373_70130498098860'
app/views/donuts/new.html.erb:5:in `_app_views_donuts_new_html_erb___1529251267136480493_70130490265700'
Started GET "/donuts/new" for 127.0.0.1 at 2018-10-29 14:39:41 +0300
Processing by DonutsController#new as HTML
  Rendering donuts/new.html.erb within layouts/application
  Rendered donuts/_nav.html.erb (0.2ms)
  Rendered donuts/_form.html.erb (12.8ms)
  Rendered donuts/new.html.erb within layouts/application (17.8ms)
Completed 200 OK in 45ms (Views: 41.0ms | ActiveRecord: 0.0ms)


Started POST "/donuts" for 127.0.0.1 at 2018-10-29 14:50:34 +0300
Processing by DonutsController#create as HTML
  Parameters: {"utf8"=>"✓", "authenticity_token"=>"EWR8iY75lab6rER8SFWCqWMNVg16RW9eJmWZXF/4c6ktbaMzZrPjmOs5BQ/PiBmmfECQzDzE4Kuqm9HvY6ONXg==", "donut"=>{"name"=>"aaa", "size"=>"ssss", "frosting_type"=>"dddd"}, "commit"=>"Create Donut"}
No template found for DonutsController#create, rendering head :no_content
Completed 204 No Content in 157472ms (ActiveRecord: 0.0ms)


Started GET "/donuts/new" for 127.0.0.1 at 2018-10-29 15:30:02 +0300
  [1m[35m (0.4ms)[0m  [1m[34mSELECT "schema_migrations"."version" FROM "schema_migrations" ORDER BY "schema_migrations"."version" ASC[0m
  ↳ /Users/sultanalsamaani/.rvm/gems/ruby-2.5.3/gems/activerecord-5.2.1/lib/active_record/log_subscriber.rb:98
Processing by DonutsController#new as HTML
  Rendering donuts/new.html.erb within layouts/application
  Rendered donuts/_nav.html.erb (0.3ms)
  Rendered donuts/_form.html.erb (8.5ms)
  Rendered donuts/new.html.erb within layouts/application (15.6ms)
Completed 200 OK in 245ms (Views: 229.0ms | ActiveRecord: 0.6ms)


Started POST "/donuts" for 127.0.0.1 at 2018-10-29 15:30:08 +0300
Processing by DonutsController#create as HTML
  Parameters: {"utf8"=>"✓", "authenticity_token"=>"Oe7AVfdklxiq0sMJrIzd+3dRegduqSKaJ6ObE7Up3tYF5x/vHy7hJrtHgnorUUb0aBy8xigorW+rXdOgiXIgIQ==", "donut"=>{"name"=>"aaa", "size"=>"ssss", "frosting_type"=>"dddd"}, "commit"=>"Create Donut"}
  [1m[35m (0.1ms)[0m  [1m[36mbegin transaction[0m
  ↳ app/controllers/donuts_controller.rb:20
  [1m[36mDonut Create (0.9ms)[0m  [1m[32mINSERT INTO "donuts" ("name", "size", "frosting_type", "created_at", "updated_at") VALUES (?, ?, ?, ?, ?)[0m  [["name", "aaa"], ["size", "ssss"], ["frosting_type", "dddd"], ["created_at", "2018-10-29 12:30:08.983584"], ["updated_at", "2018-10-29 12:30:08.983584"]]
  ↳ app/controllers/donuts_controller.rb:20
  [1m[35m (0.8ms)[0m  [1m[36mcommit transaction[0m
  ↳ app/controllers/donuts_controller.rb:20
Redirected to http://localhost:3000/donuts/5
Completed 302 Found in 8ms (ActiveRecord: 1.7ms)


Started GET "/donuts/5" for 127.0.0.1 at 2018-10-29 15:30:08 +0300
Processing by DonutsController#show as HTML
  Parameters: {"id"=>"5"}
  [1m[36mDonut Load (0.3ms)[0m  [1m[34mSELECT  "donuts".* FROM "donuts" WHERE "donuts"."id" = ? LIMIT ?[0m  [["id", 5], ["LIMIT", 1]]
  ↳ app/controllers/donuts_controller.rb:7
  Rendering donuts/show.html.erb within layouts/application
  Rendered donuts/_nav.html.erb (0.3ms)
  Rendered donuts/show.html.erb within layouts/application (3.4ms)
Completed 200 OK in 36ms (Views: 27.3ms | ActiveRecord: 0.3ms)


Started GET "/donuts/5/edit" for 127.0.0.1 at 2018-10-29 15:34:21 +0300
Processing by DonutsController#edit as HTML
  Parameters: {"id"=>"5"}
  Rendering donuts/edit.html.erb within layouts/application
  Rendered donuts/edit.html.erb within layouts/application (0.4ms)
Completed 200 OK in 27ms (Views: 23.5ms | ActiveRecord: 0.0ms)


Started GET "/donuts/5/edit" for 127.0.0.1 at 2018-10-29 15:36:59 +0300
Processing by DonutsController#edit as HTML
  Parameters: {"id"=>"5"}
  Rendering donuts/edit.html.erb within layouts/application
  Rendered donuts/_form.html.erb (11.0ms)
  Rendered donuts/edit.html.erb within layouts/application (13.6ms)
Completed 500 Internal Server Error in 23ms (ActiveRecord: 0.0ms)


  
ActionView::Template::Error (First argument in form cannot contain nil or be empty):
    1: <h1> i am a form </h1>
    2: 
    3: <%= form_for @donut do |form| %>
    4: Name:<%= form.text_field :name %>
    5: Size:<%= form.text_field :size %>
    6: Frosting:<%= form.text_field :frosting_type %>
  
app/views/donuts/_form.html.erb:3:in `_app_views_donuts__form_html_erb__2258228333447714121_70269478847240'
app/views/donuts/edit.html.erb:2:in `_app_views_donuts_edit_html_erb___2191553067281088343_70269489614760'
Started GET "/donuts/5/edit" for 127.0.0.1 at 2018-10-29 15:42:35 +0300
Processing by DonutsController#edit as HTML
  Parameters: {"id"=>"5"}
  [1m[36mDonut Load (0.2ms)[0m  [1m[34mSELECT  "donuts".* FROM "donuts" WHERE "donuts"."id" = ? LIMIT ?[0m  [["id", 5], ["LIMIT", 1]]
  ↳ app/controllers/donuts_controller.rb:11
  Rendering donuts/edit.html.erb within layouts/application
  Rendered donuts/_form.html.erb (1.4ms)
  Rendered donuts/edit.html.erb within layouts/application (4.1ms)
Completed 200 OK in 37ms (Views: 24.9ms | ActiveRecord: 1.8ms)


Started PATCH "/donuts/5" for 127.0.0.1 at 2018-10-29 15:44:54 +0300
Processing by DonutsController#update as HTML
  Parameters: {"utf8"=>"✓", "authenticity_token"=>"gIoRiiyTO3NnCsoHoMB2ptwOTJxmGh35gkDpKutbZCe8g84wxNlNTXafi3QnHe2pw0OKXSCbkgwOvqGZ1wCa0A==", "donut"=>{"name"=>"aaabb", "size"=>"ssssbb", "frosting_type"=>"ddddbb"}, "commit"=>"Update Donut", "id"=>"5"}
  [1m[36mDonut Load (0.2ms)[0m  [1m[34mSELECT  "donuts".* FROM "donuts" WHERE "donuts"."id" = ? LIMIT ?[0m  [["id", nil], ["LIMIT", 1]]
  ↳ app/controllers/donuts_controller.rb:27
Completed 404 Not Found in 5ms (ActiveRecord: 0.8ms)


  
ActiveRecord::RecordNotFound (Couldn't find Donut with 'id'={"name"=>"aaabb", "size"=>"ssssbb", "frosting_type"=>"ddddbb"}):
  
app/controllers/donuts_controller.rb:27:in `update'
Started PATCH "/donuts/5" for 127.0.0.1 at 2018-10-29 15:45:57 +0300
Processing by DonutsController#update as HTML
  Parameters: {"utf8"=>"✓", "authenticity_token"=>"gIoRiiyTO3NnCsoHoMB2ptwOTJxmGh35gkDpKutbZCe8g84wxNlNTXafi3QnHe2pw0OKXSCbkgwOvqGZ1wCa0A==", "donut"=>{"name"=>"aaabbw", "size"=>"ssssbbw", "frosting_type"=>"ddddbbw"}, "commit"=>"Update Donut", "id"=>"5"}
  [1m[36mDonut Load (0.1ms)[0m  [1m[34mSELECT  "donuts".* FROM "donuts" WHERE "donuts"."id" = ? LIMIT ?[0m  [["id", 5], ["LIMIT", 1]]
  ↳ app/controllers/donuts_controller.rb:27
  [1m[36mDonut Load (0.2ms)[0m  [1m[34mSELECT "donuts".* FROM "donuts"[0m
  ↳ app/controllers/donuts_controller.rb:28
  [1m[35m (0.1ms)[0m  [1m[36mbegin transaction[0m
  ↳ app/controllers/donuts_controller.rb:28
  [1m[36mDonut Update (0.3ms)[0m  [1m[33mUPDATE "donuts" SET "name" = ?, "size" = ?, "frosting_type" = ?, "updated_at" = ? WHERE "donuts"."id" = ?[0m  [["name", "aaabbw"], ["size", "ssssbbw"], ["frosting_type", "ddddbbw"], ["updated_at", "2018-10-29 12:45:57.453490"], ["id", 1]]
  ↳ app/controllers/donuts_controller.rb:28
  [1m[35m (0.7ms)[0m  [1m[36mcommit transaction[0m
  ↳ app/controllers/donuts_controller.rb:28
  [1m[35m (0.1ms)[0m  [1m[36mbegin transaction[0m
  ↳ app/controllers/donuts_controller.rb:28
  [1m[36mDonut Update (0.6ms)[0m  [1m[33mUPDATE "donuts" SET "name" = ?, "size" = ?, "frosting_type" = ?, "updated_at" = ? WHERE "donuts"."id" = ?[0m  [["name", "aaabbw"], ["size", "ssssbbw"], ["frosting_type", "ddddbbw"], ["updated_at", "2018-10-29 12:45:57.456904"], ["id", 2]]
  ↳ app/controllers/donuts_controller.rb:28
  [1m[35m (1.4ms)[0m  [1m[36mcommit transaction[0m
  ↳ app/controllers/donuts_controller.rb:28
  [1m[35m (0.1ms)[0m  [1m[36mbegin transaction[0m
  ↳ app/controllers/donuts_controller.rb:28
  [1m[36mDonut Update (0.5ms)[0m  [1m[33mUPDATE "donuts" SET "name" = ?, "size" = ?, "frosting_type" = ?, "updated_at" = ? WHERE "donuts"."id" = ?[0m  [["name", "aaabbw"], ["size", "ssssbbw"], ["frosting_type", "ddddbbw"], ["updated_at", "2018-10-29 12:45:57.462494"], ["id", 3]]
  ↳ app/controllers/donuts_controller.rb:28
  [1m[35m (1.2ms)[0m  [1m[36mcommit transaction[0m
  ↳ app/controllers/donuts_controller.rb:28
  [1m[35m (0.1ms)[0m  [1m[36mbegin transaction[0m
  ↳ app/controllers/donuts_controller.rb:28
  [1m[36mDonut Update (0.4ms)[0m  [1m[33mUPDATE "donuts" SET "name" = ?, "size" = ?, "frosting_type" = ?, "updated_at" = ? WHERE "donuts"."id" = ?[0m  [["name", "aaabbw"], ["size", "ssssbbw"], ["frosting_type", "ddddbbw"], ["updated_at", "2018-10-29 12:45:57.467367"], ["id", 4]]
  ↳ app/controllers/donuts_controller.rb:28
  [1m[35m (0.7ms)[0m  [1m[36mcommit transaction[0m
  ↳ app/controllers/donuts_controller.rb:28
  [1m[35m (0.1ms)[0m  [1m[36mbegin transaction[0m
  ↳ app/controllers/donuts_controller.rb:28
  [1m[36mDonut Update (0.3ms)[0m  [1m[33mUPDATE "donuts" SET "name" = ?, "size" = ?, "frosting_type" = ?, "updated_at" = ? WHERE "donuts"."id" = ?[0m  [["name", "aaabbw"], ["size", "ssssbbw"], ["frosting_type", "ddddbbw"], ["updated_at", "2018-10-29 12:45:57.470240"], ["id", 5]]
  ↳ app/controllers/donuts_controller.rb:28
  [1m[35m (0.7ms)[0m  [1m[36mcommit transaction[0m
  ↳ app/controllers/donuts_controller.rb:28
Redirected to http://localhost:3000/donuts/5
Completed 302 Found in 31ms (ActiveRecord: 8.6ms)


Started GET "/donuts/5" for 127.0.0.1 at 2018-10-29 15:45:57 +0300
Processing by DonutsController#show as HTML
  Parameters: {"id"=>"5"}
  [1m[36mDonut Load (0.2ms)[0m  [1m[34mSELECT  "donuts".* FROM "donuts" WHERE "donuts"."id" = ? LIMIT ?[0m  [["id", 5], ["LIMIT", 1]]
  ↳ app/controllers/donuts_controller.rb:7
  Rendering donuts/show.html.erb within layouts/application
  Rendered donuts/_nav.html.erb (0.5ms)
  Rendered donuts/show.html.erb within layouts/application (3.7ms)
Completed 200 OK in 27ms (Views: 23.7ms | ActiveRecord: 0.2ms)


Started GET "/donuts/5/edit" for 127.0.0.1 at 2018-10-29 15:47:33 +0300
Processing by DonutsController#edit as HTML
  Parameters: {"id"=>"5"}
  [1m[36mDonut Load (0.2ms)[0m  [1m[34mSELECT  "donuts".* FROM "donuts" WHERE "donuts"."id" = ? LIMIT ?[0m  [["id", 5], ["LIMIT", 1]]
  ↳ app/controllers/donuts_controller.rb:11
  Rendering donuts/edit.html.erb within layouts/application
  Rendered donuts/_form.html.erb (3.5ms)
  Rendered donuts/edit.html.erb within layouts/application (7.5ms)
Completed 200 OK in 45ms (Views: 34.7ms | ActiveRecord: 0.8ms)


Started PATCH "/donuts/5" for 127.0.0.1 at 2018-10-29 15:47:40 +0300
Processing by DonutsController#update as HTML
  Parameters: {"utf8"=>"✓", "authenticity_token"=>"JBFb+8I9etNG8jxggufievJmynG7A3RU/n3sQxpMyOgYGIRBKncM7VdnfRMFOnl17SsMsP2C+6Fyg6TwJhc2Hw==", "donut"=>{"name"=>"aaabbwqqq", "size"=>"qqq", "frosting_type"=>"www"}, "commit"=>"Update Donut", "id"=>"5"}
  [1m[36mDonut Load (0.5ms)[0m  [1m[34mSELECT  "donuts".* FROM "donuts" WHERE "donuts"."id" = ? LIMIT ?[0m  [["id", 5], ["LIMIT", 1]]
  ↳ app/controllers/donuts_controller.rb:27
Completed 500 Internal Server Error in 162ms (ActiveRecord: 0.4ms)


  
NameError (undefined local variable or method `donut' for #<DonutsController:0x00007fd1c5f3fef0>
Did you mean?  @donut):
  
app/controllers/donuts_controller.rb:28:in `update'
Started PATCH "/donuts/5" for 127.0.0.1 at 2018-10-29 15:48:15 +0300
Processing by DonutsController#update as HTML
  Parameters: {"utf8"=>"✓", "authenticity_token"=>"JBFb+8I9etNG8jxggufievJmynG7A3RU/n3sQxpMyOgYGIRBKncM7VdnfRMFOnl17SsMsP2C+6Fyg6TwJhc2Hw==", "donut"=>{"name"=>"qqqqqqq111", "size"=>"qqq111", "frosting_type"=>"qqq11"}, "commit"=>"Update Donut", "id"=>"5"}
  [1m[36mDonut Load (0.2ms)[0m  [1m[34mSELECT  "donuts".* FROM "donuts" WHERE "donuts"."id" = ? LIMIT ?[0m  [["id", 5], ["LIMIT", 1]]
  ↳ app/controllers/donuts_controller.rb:27
  [1m[35m (0.1ms)[0m  [1m[36mbegin transaction[0m
  ↳ app/controllers/donuts_controller.rb:28
  [1m[36mDonut Update (0.4ms)[0m  [1m[33mUPDATE "donuts" SET "name" = ?, "size" = ?, "frosting_type" = ?, "updated_at" = ? WHERE "donuts"."id" = ?[0m  [["name", "qqqqqqq111"], ["size", "qqq111"], ["frosting_type", "qqq11"], ["updated_at", "2018-10-29 12:48:15.858822"], ["id", 5]]
  ↳ app/controllers/donuts_controller.rb:28
  [1m[35m (0.7ms)[0m  [1m[36mcommit transaction[0m
  ↳ app/controllers/donuts_controller.rb:28
Redirected to http://localhost:3000/donuts/5
Completed 302 Found in 17ms (ActiveRecord: 2.0ms)


Started GET "/donuts/5" for 127.0.0.1 at 2018-10-29 15:48:15 +0300
Processing by DonutsController#show as HTML
  Parameters: {"id"=>"5"}
  [1m[36mDonut Load (0.1ms)[0m  [1m[34mSELECT  "donuts".* FROM "donuts" WHERE "donuts"."id" = ? LIMIT ?[0m  [["id", 5], ["LIMIT", 1]]
  ↳ app/controllers/donuts_controller.rb:7
  Rendering donuts/show.html.erb within layouts/application
  Rendered donuts/_nav.html.erb (0.2ms)
  Rendered donuts/show.html.erb within layouts/application (2.8ms)
Completed 200 OK in 40ms (Views: 36.1ms | ActiveRecord: 0.1ms)


Started GET "/donuts/4" for 127.0.0.1 at 2018-10-29 15:48:20 +0300
Processing by DonutsController#show as HTML
  Parameters: {"id"=>"4"}
  [1m[36mDonut Load (0.2ms)[0m  [1m[34mSELECT  "donuts".* FROM "donuts" WHERE "donuts"."id" = ? LIMIT ?[0m  [["id", 4], ["LIMIT", 1]]
  ↳ app/controllers/donuts_controller.rb:7
  Rendering donuts/show.html.erb within layouts/application
  Rendered donuts/_nav.html.erb (0.3ms)
  Rendered donuts/show.html.erb within layouts/application (3.1ms)
Completed 200 OK in 34ms (Views: 26.8ms | ActiveRecord: 0.2ms)


Started GET "/donuts/" for 127.0.0.1 at 2018-10-29 16:10:46 +0300
Processing by DonutsController#index as HTML
  Rendering donuts/index.html.erb within layouts/application
  [1m[36mDonut Load (0.2ms)[0m  [1m[34mSELECT "donuts".* FROM "donuts"[0m
  ↳ app/views/donuts/index.html.erb:3
  Rendered donuts/_form.html.erb (2.9ms)
  Rendered donuts/index.html.erb within layouts/application (18.4ms)
Completed 500 Internal Server Error in 32ms (ActiveRecord: 2.0ms)


  
ActionView::Template::Error (First argument in form cannot contain nil or be empty):
    1: <h1> i am a form </h1>
    2: 
    3: <%= form_for @donut do |form| %>
    4: Name:<%= form.text_field :name %>
    5: Size:<%= form.text_field :size %>
    6: Frosting:<%= form.text_field :frosting_type %>
  
app/views/donuts/_form.html.erb:3:in `_app_views_donuts__form_html_erb__2258228333447714121_70269477059000'
app/views/donuts/index.html.erb:12:in `_app_views_donuts_index_html_erb__1727938275741114683_70269507587580'
Started GET "/donuts/index" for 127.0.0.1 at 2018-10-29 16:12:12 +0300
Processing by DonutsController#show as HTML
  Parameters: {"id"=>"index"}
  [1m[36mDonut Load (0.3ms)[0m  [1m[34mSELECT  "donuts".* FROM "donuts" WHERE "donuts"."id" = ? LIMIT ?[0m  [["id", 0], ["LIMIT", 1]]
  ↳ app/controllers/donuts_controller.rb:7
Completed 404 Not Found in 4ms (ActiveRecord: 0.3ms)


  
ActiveRecord::RecordNotFound (Couldn't find Donut with 'id'=index):
  
app/controllers/donuts_controller.rb:7:in `show'
Started GET "/donuts/show" for 127.0.0.1 at 2018-10-29 16:12:21 +0300
Processing by DonutsController#show as HTML
  Parameters: {"id"=>"show"}
  [1m[36mDonut Load (0.2ms)[0m  [1m[34mSELECT  "donuts".* FROM "donuts" WHERE "donuts"."id" = ? LIMIT ?[0m  [["id", 0], ["LIMIT", 1]]
  ↳ app/controllers/donuts_controller.rb:7
Completed 404 Not Found in 2ms (ActiveRecord: 0.2ms)


  
ActiveRecord::RecordNotFound (Couldn't find Donut with 'id'=show):
  
app/controllers/donuts_controller.rb:7:in `show'
Started GET "/donuts/" for 127.0.0.1 at 2018-10-29 16:12:27 +0300
Processing by DonutsController#index as HTML
  Rendering donuts/index.html.erb within layouts/application
  [1m[36mDonut Load (0.2ms)[0m  [1m[34mSELECT "donuts".* FROM "donuts"[0m
  ↳ app/views/donuts/index.html.erb:3
  Rendered donuts/_form.html.erb (5.9ms)
  Rendered donuts/index.html.erb within layouts/application (11.4ms)
Completed 500 Internal Server Error in 26ms (ActiveRecord: 0.2ms)


  
ActionView::Template::Error (First argument in form cannot contain nil or be empty):
    1: <h1> i am a form </h1>
    2: 
    3: <%= form_for @donut do |form| %>
    4: Name:<%= form.text_field :name %>
    5: Size:<%= form.text_field :size %>
    6: Frosting:<%= form.text_field :frosting_type %>
  
app/views/donuts/_form.html.erb:3:in `_app_views_donuts__form_html_erb__2258228333447714121_70269473320120'
app/views/donuts/index.html.erb:12:in `_app_views_donuts_index_html_erb__1727938275741114683_70269476955620'
Started GET "/donuts/index" for 127.0.0.1 at 2018-10-29 16:12:40 +0300
Processing by DonutsController#show as HTML
  Parameters: {"id"=>"index"}
  [1m[36mDonut Load (0.2ms)[0m  [1m[34mSELECT  "donuts".* FROM "donuts" WHERE "donuts"."id" = ? LIMIT ?[0m  [["id", 0], ["LIMIT", 1]]
  ↳ app/controllers/donuts_controller.rb:7
Completed 404 Not Found in 2ms (ActiveRecord: 0.2ms)


  
ActiveRecord::RecordNotFound (Couldn't find Donut with 'id'=index):
  
app/controllers/donuts_controller.rb:7:in `show'
Started GET "/donuts/" for 127.0.0.1 at 2018-10-29 16:13:23 +0300
Processing by DonutsController#index as HTML
  Rendering donuts/index.html.erb within layouts/application
  [1m[36mDonut Load (0.6ms)[0m  [1m[34mSELECT "donuts".* FROM "donuts"[0m
  ↳ app/views/donuts/index.html.erb:3
  Rendered donuts/_form.html.erb (3.6ms)
  Rendered donuts/index.html.erb within layouts/application (18.0ms)
Completed 500 Internal Server Error in 30ms (ActiveRecord: 1.2ms)


  
ActionView::Template::Error (First argument in form cannot contain nil or be empty):
    1: <h1> i am a form </h1>
    2: 
    3: <%= form_for @donut do |form| %>
    4: Name:<%= form.text_field :name %>
    5: Size:<%= form.text_field :size %>
    6: Frosting:<%= form.text_field :frosting_type %>
  
app/views/donuts/_form.html.erb:3:in `_app_views_donuts__form_html_erb__2258228333447714121_70269489184280'
app/views/donuts/index.html.erb:12:in `_app_views_donuts_index_html_erb__1727938275741114683_70269516759680'
Started GET "/donuts/" for 127.0.0.1 at 2018-10-29 16:13:43 +0300
Processing by DonutsController#index as HTML
  Rendering donuts/index.html.erb within layouts/application
  [1m[36mDonut Load (0.2ms)[0m  [1m[34mSELECT "donuts".* FROM "donuts"[0m
  ↳ app/views/donuts/index.html.erb:3
  Rendered donuts/_form.html.erb (6.1ms)
  Rendered donuts/index.html.erb within layouts/application (9.8ms)
Completed 500 Internal Server Error in 20ms (ActiveRecord: 0.2ms)


  
ActionView::Template::Error (undefined method `to_key' for #<Donut::ActiveRecord_Relation:0x00007fd1c7ca7510>
Did you mean?  to_set
               to_ary):
    1: <h1> i am a form </h1>
    2: 
    3: <%= form_for @donuts do |form| %>
    4: Name:<%= form.text_field :name %>
    5: Size:<%= form.text_field :size %>
    6: Frosting:<%= form.text_field :frosting_type %>
  
app/views/donuts/_form.html.erb:3:in `_app_views_donuts__form_html_erb__2258228333447714121_70269488243000'
app/views/donuts/index.html.erb:12:in `_app_views_donuts_index_html_erb__1727938275741114683_70269488407340'
Started GET "/donuts/" for 127.0.0.1 at 2018-10-29 16:15:21 +0300
Processing by DonutsController#index as HTML
  Rendering donuts/index.html.erb within layouts/application
  [1m[36mDonut Load (0.2ms)[0m  [1m[34mSELECT "donuts".* FROM "donuts"[0m
  ↳ app/views/donuts/index.html.erb:3
  Rendered donuts/_form.html.erb (3.7ms)
  Rendered donuts/index.html.erb within layouts/application (7.2ms)
Completed 500 Internal Server Error in 17ms (ActiveRecord: 0.2ms)


  
ActionView::Template::Error (First argument in form cannot contain nil or be empty):
    1: <h1> i am a form </h1>
    2: 
    3: <%= form_for @donut do |form| %>
    4: Name:<%= form.text_field :name %>
    5: Size:<%= form.text_field :size %>
    6: Frosting:<%= form.text_field :frosting_type %>
  
app/views/donuts/_form.html.erb:3:in `_app_views_donuts__form_html_erb__2258228333447714121_70269476874280'
app/views/donuts/index.html.erb:12:in `_app_views_donuts_index_html_erb__1727938275741114683_70269487541240'
Started GET "/donuts/" for 127.0.0.1 at 2018-10-29 16:15:41 +0300
Processing by DonutsController#index as HTML
  Rendering donuts/index.html.erb within layouts/application
  Rendered donuts/index.html.erb within layouts/application (3.4ms)
Completed 500 Internal Server Error in 17ms (ActiveRecord: 0.0ms)


  
ActionView::Template::Error (undefined method `each' for nil:NilClass):
    1: <h1>All the Donuts</h1>
    2: 
    3: <% @donuts.each do |donut| %>
    4: <p>Name: <%= donut.name %> </p>
    5: <p>Size: <%= donut.size %> </p>
    6: <p>Name: <%= donut.name %> </p>
  
app/views/donuts/index.html.erb:3:in `_app_views_donuts_index_html_erb__1727938275741114683_70269480077580'
  [1m[36mDonut Load (1.0ms)[0m  [1m[34mSELECT  "donuts".* FROM "donuts" LIMIT ?[0m  [["LIMIT", 11]]
Started GET "/donuts/" for 127.0.0.1 at 2018-10-29 16:18:11 +0300
Processing by DonutsController#index as HTML
  Rendering donuts/index.html.erb within layouts/application
  [1m[36mDonut Load (0.2ms)[0m  [1m[34mSELECT "donuts".* FROM "donuts"[0m
  ↳ app/views/donuts/index.html.erb:3
  Rendered donuts/_form.html.erb (4.3ms)
  Rendered donuts/index.html.erb within layouts/application (16.3ms)
Completed 500 Internal Server Error in 28ms (ActiveRecord: 0.7ms)


  
ActionView::Template::Error (First argument in form cannot contain nil or be empty):
    1: <h1> i am a form </h1>
    2: 
    3: <%= form_for @donut do |form| %>
    4: Name:<%= form.text_field :name %>
    5: Size:<%= form.text_field :size %>
    6: Frosting:<%= form.text_field :frosting_type %>
  
app/views/donuts/_form.html.erb:3:in `_app_views_donuts__form_html_erb__2258228333447714121_70269517629240'
app/views/donuts/index.html.erb:12:in `_app_views_donuts_index_html_erb__1727938275741114683_70269517815440'
Started GET "/donuts/" for 127.0.0.1 at 2018-10-29 16:18:35 +0300
Processing by DonutsController#index as HTML
  Rendering donuts/index.html.erb within layouts/application
  [1m[36mDonut Load (0.2ms)[0m  [1m[34mSELECT "donuts".* FROM "donuts"[0m
  ↳ app/views/donuts/index.html.erb:3
  Rendered donuts/index.html.erb within layouts/application (1.5ms)
Completed 200 OK in 33ms (Views: 28.6ms | ActiveRecord: 0.2ms)


Started DELETE "/donuts/1" for 127.0.0.1 at 2018-10-29 16:18:43 +0300
Processing by DonutsController#destroy as HTML
  Parameters: {"authenticity_token"=>"RyyPxYX6PrTJoVBzb2mGQg1spMDmSOZMrDrEo8fvO/J7JVB/bbBIitg0EQDotB1NEiFiAaDJabkgxIwQ+7TFBQ==", "id"=>"1"}
No template found for DonutsController#destroy, rendering head :no_content
Completed 204 No Content in 158ms (ActiveRecord: 0.0ms)


Started GET "/donuts/" for 127.0.0.1 at 2018-10-29 16:18:47 +0300
Processing by DonutsController#index as HTML
  Rendering donuts/index.html.erb within layouts/application
  [1m[36mDonut Load (0.2ms)[0m  [1m[34mSELECT "donuts".* FROM "donuts"[0m
  ↳ app/views/donuts/index.html.erb:3
  Rendered donuts/index.html.erb within layouts/application (1.9ms)
Completed 200 OK in 29ms (Views: 24.9ms | ActiveRecord: 0.2ms)


Started DELETE "/donuts/5" for 127.0.0.1 at 2018-10-29 16:18:52 +0300
Processing by DonutsController#destroy as HTML
  Parameters: {"authenticity_token"=>"D85X4Wba5C3tFjZhbvEeZ0Vid7S2Snb7E0L4Et2qQi4zx4hbjpCSE/yDdxLpLIVoWi+xdfDL+Q6fvLCh4fG82Q==", "id"=>"5"}
No template found for DonutsController#destroy, rendering head :no_content
Completed 204 No Content in 153ms (ActiveRecord: 0.0ms)


Started GET "/donuts/" for 127.0.0.1 at 2018-10-29 16:18:54 +0300
Processing by DonutsController#index as HTML
  Rendering donuts/index.html.erb within layouts/application
  [1m[36mDonut Load (0.3ms)[0m  [1m[34mSELECT "donuts".* FROM "donuts"[0m
  ↳ app/views/donuts/index.html.erb:3
  Rendered donuts/index.html.erb within layouts/application (2.0ms)
Completed 200 OK in 27ms (Views: 23.8ms | ActiveRecord: 0.3ms)


