Started GET "/" for 127.0.0.1 at 2018-11-25 14:21:12 +0300
Processing by PagesController#app as HTML
  Rendering pages/app.html.erb within layouts/application
  Rendered pages/app.html.erb within layouts/application (4.6ms)
Completed 200 OK in 2524ms (Views: 2510.3ms | ActiveRecord: 0.0ms)


Started GET "/" for 127.0.0.1 at 2018-11-25 14:23:36 +0300
Processing by PagesController#app as HTML
  Rendering pages/app.html.erb within layouts/application
  Rendered pages/app.html.erb within layouts/application (0.9ms)
Completed 500 Internal Server Error in 13ms (ActiveRecord: 0.0ms)


  
SyntaxError (/Users/sultanalsamaani/Desktop/main/in_class/w9/d1/ReactMovies/app/views/pages/app.html.erb:1: syntax error, unexpected tSTRING_BEG, expecting keyword_do or '{' or '('
...ffer.append=( react-component "App" );
...                              ^):
  
app/views/pages/app.html.erb:1: syntax error, unexpected tSTRING_BEG, expecting keyword_do or '{' or '('
Started GET "/" for 127.0.0.1 at 2018-11-25 14:24:17 +0300
Processing by PagesController#app as HTML
  Rendering pages/app.html.erb within layouts/application
  Rendered pages/app.html.erb within layouts/application (0.6ms)
Completed 500 Internal Server Error in 12ms (ActiveRecord: 0.0ms)


  
SyntaxError (/Users/sultanalsamaani/Desktop/main/in_class/w9/d1/ReactMovies/app/views/pages/app.html.erb:1: syntax error, unexpected tSTRING_BEG, expecting keyword_do or '{' or '('
...ffer.append=( react-component "App" );
...                              ^):
  
app/views/pages/app.html.erb:1: syntax error, unexpected tSTRING_BEG, expecting keyword_do or '{' or '('
Started GET "/" for 127.0.0.1 at 2018-11-25 14:24:20 +0300
Processing by PagesController#app as HTML
  Rendering pages/app.html.erb within layouts/application
  Rendered pages/app.html.erb within layouts/application (0.8ms)
Completed 500 Internal Server Error in 11ms (ActiveRecord: 0.0ms)


  
SyntaxError (/Users/sultanalsamaani/Desktop/main/in_class/w9/d1/ReactMovies/app/views/pages/app.html.erb:1: syntax error, unexpected tSTRING_BEG, expecting keyword_do or '{' or '('
...ffer.append=( react-component "App" );
...                              ^):
  
app/views/pages/app.html.erb:1: syntax error, unexpected tSTRING_BEG, expecting keyword_do or '{' or '('
Started GET "/" for 127.0.0.1 at 2018-11-25 14:26:02 +0300
Processing by PagesController#app as HTML
  Rendering pages/app.html.erb within layouts/application
  Rendered pages/app.html.erb within layouts/application (0.5ms)
Completed 200 OK in 40ms (Views: 35.7ms | ActiveRecord: 0.0ms)


Started GET "/" for 127.0.0.1 at 2018-11-25 14:26:18 +0300
Processing by PagesController#app as HTML
  Rendering pages/app.html.erb within layouts/application
  Rendered pages/app.html.erb within layouts/application (1.9ms)
Completed 500 Internal Server Error in 15ms (ActiveRecord: 0.0ms)


  
SyntaxError (/Users/sultanalsamaani/Desktop/main/in_class/w9/d1/ReactMovies/app/views/pages/app.html.erb:1: syntax error, unexpected tSTRING_BEG, expecting keyword_do or '{' or '('
...ffer.append=( react-component "App" );
...                              ^):
  
app/views/pages/app.html.erb:1: syntax error, unexpected tSTRING_BEG, expecting keyword_do or '{' or '('
Started GET "/" for 127.0.0.1 at 2018-11-25 14:27:38 +0300
Processing by PagesController#app as HTML
  Rendering pages/app.html.erb within layouts/application
  Rendered pages/app.html.erb within layouts/application (0.6ms)
Completed 500 Internal Server Error in 14ms (ActiveRecord: 0.0ms)


  
SyntaxError (/Users/sultanalsamaani/Desktop/main/in_class/w9/d1/ReactMovies/app/views/pages/app.html.erb:1: syntax error, unexpected tSTRING_BEG, expecting keyword_do or '{' or '('
...ffer.append=( react-component "App" );
...                              ^):
  
app/views/pages/app.html.erb:1: syntax error, unexpected tSTRING_BEG, expecting keyword_do or '{' or '('
Started GET "/" for 127.0.0.1 at 2018-11-25 14:27:48 +0300
Processing by PagesController#app as HTML
  Rendering pages/app.html.erb within layouts/application
  Rendered pages/app.html.erb within layouts/application (1.1ms)
Completed 200 OK in 48ms (Views: 44.5ms | ActiveRecord: 0.0ms)


Started GET "/" for 127.0.0.1 at 2018-11-25 14:30:49 +0300
Processing by PagesController#app as HTML
  Rendering pages/app.html.erb within layouts/application
  Rendered pages/app.html.erb within layouts/application (1.1ms)
Completed 200 OK in 57ms (Views: 37.7ms | ActiveRecord: 0.0ms)


Started GET "/" for 127.0.0.1 at 2018-11-25 14:31:09 +0300
Processing by PagesController#app as HTML
  Rendering pages/app.html.erb within layouts/application
  Rendered pages/app.html.erb within layouts/application (0.6ms)
Completed 200 OK in 74ms (Views: 68.3ms | ActiveRecord: 0.0ms)


Started GET "/" for 127.0.0.1 at 2018-11-25 14:32:12 +0300
Processing by PagesController#app as HTML
  Rendering pages/app.html.erb within layouts/application
  Rendered pages/app.html.erb within layouts/application (0.6ms)
Completed 200 OK in 26ms (Views: 23.6ms | ActiveRecord: 0.0ms)


Started GET "/" for 127.0.0.1 at 2018-11-25 14:32:16 +0300
Processing by PagesController#app as HTML
  Rendering pages/app.html.erb within layouts/application
  Rendered pages/app.html.erb within layouts/application (0.7ms)
Completed 200 OK in 74ms (Views: 67.4ms | ActiveRecord: 0.0ms)


Started GET "/" for 127.0.0.1 at 2018-11-25 14:32:20 +0300
Processing by PagesController#app as HTML
  Rendering pages/app.html.erb within layouts/application
  Rendered pages/app.html.erb within layouts/application (0.5ms)
Completed 200 OK in 30ms (Views: 26.9ms | ActiveRecord: 0.0ms)


Started GET "/" for 127.0.0.1 at 2018-11-25 14:32:24 +0300
Processing by PagesController#app as HTML
  Rendering pages/app.html.erb within layouts/application
  Rendered pages/app.html.erb within layouts/application (0.8ms)
Completed 200 OK in 85ms (Views: 79.8ms | ActiveRecord: 0.0ms)


Started GET "/" for 127.0.0.1 at 2018-11-25 14:32:31 +0300
Processing by PagesController#app as HTML
  Rendering pages/app.html.erb within layouts/application
  Rendered pages/app.html.erb within layouts/application (0.7ms)
Completed 200 OK in 42ms (Views: 37.2ms | ActiveRecord: 0.0ms)


Started GET "/" for 127.0.0.1 at 2018-11-25 14:32:38 +0300
Processing by PagesController#app as HTML
  Rendering pages/app.html.erb within layouts/application
  Rendered pages/app.html.erb within layouts/application (0.5ms)
Completed 200 OK in 33ms (Views: 26.2ms | ActiveRecord: 0.0ms)


Started GET "/" for 127.0.0.1 at 2018-11-25 14:32:46 +0300
Processing by PagesController#app as HTML
  Rendering pages/app.html.erb within layouts/application
  Rendered pages/app.html.erb within layouts/application (0.5ms)
Completed 200 OK in 27ms (Views: 23.6ms | ActiveRecord: 0.0ms)


Started GET "/" for 127.0.0.1 at 2018-11-25 14:32:56 +0300
Processing by PagesController#app as HTML
  Rendering pages/app.html.erb within layouts/application
  Rendered pages/app.html.erb within layouts/application (0.4ms)
Completed 200 OK in 53ms (Views: 49.0ms | ActiveRecord: 0.0ms)


Started GET "/" for 127.0.0.1 at 2018-11-25 14:33:03 +0300
Processing by PagesController#app as HTML
  Rendering pages/app.html.erb within layouts/application
  Rendered pages/app.html.erb within layouts/application (1.7ms)
Completed 200 OK in 38ms (Views: 32.1ms | ActiveRecord: 0.0ms)


Started GET "/" for 127.0.0.1 at 2018-11-25 14:33:12 +0300
Processing by PagesController#app as HTML
  Rendering pages/app.html.erb within layouts/application
  Rendered pages/app.html.erb within layouts/application (0.7ms)
Completed 200 OK in 39ms (Views: 34.4ms | ActiveRecord: 0.0ms)


Started GET "/" for 127.0.0.1 at 2018-11-25 14:33:15 +0300
Processing by PagesController#app as HTML
  Rendering pages/app.html.erb within layouts/application
  Rendered pages/app.html.erb within layouts/application (1.1ms)
Completed 200 OK in 44ms (Views: 36.3ms | ActiveRecord: 0.0ms)


Started GET "/" for 127.0.0.1 at 2018-11-25 14:33:20 +0300
Processing by PagesController#app as HTML
  Rendering pages/app.html.erb within layouts/application
  Rendered pages/app.html.erb within layouts/application (0.7ms)
Completed 200 OK in 35ms (Views: 29.4ms | ActiveRecord: 0.0ms)


Started GET "/" for 127.0.0.1 at 2018-11-25 14:33:26 +0300
Processing by PagesController#app as HTML
  Rendering pages/app.html.erb within layouts/application
  Rendered pages/app.html.erb within layouts/application (0.5ms)
Completed 200 OK in 38ms (Views: 31.8ms | ActiveRecord: 0.0ms)


Started GET "/" for 127.0.0.1 at 2018-11-25 14:33:31 +0300
Processing by PagesController#app as HTML
  Rendering pages/app.html.erb within layouts/application
  Rendered pages/app.html.erb within layouts/application (0.5ms)
Completed 200 OK in 31ms (Views: 25.8ms | ActiveRecord: 0.0ms)


Started GET "/" for 127.0.0.1 at 2018-11-25 14:33:36 +0300
Processing by PagesController#app as HTML
  Rendering pages/app.html.erb within layouts/application
  Rendered pages/app.html.erb within layouts/application (0.6ms)
Completed 200 OK in 27ms (Views: 23.9ms | ActiveRecord: 0.0ms)


Started GET "/" for 127.0.0.1 at 2018-11-25 14:33:53 +0300
Processing by PagesController#app as HTML
  Rendering pages/app.html.erb within layouts/application
  Rendered pages/app.html.erb within layouts/application (0.8ms)
Completed 200 OK in 62ms (Views: 52.6ms | ActiveRecord: 0.0ms)


Started GET "/" for 127.0.0.1 at 2018-11-25 14:35:17 +0300
Processing by PagesController#app as HTML
  Rendering pages/app.html.erb within layouts/application
  Rendered pages/app.html.erb within layouts/application (1.4ms)
Completed 200 OK in 66ms (Views: 58.4ms | ActiveRecord: 0.0ms)


Started GET "/" for 127.0.0.1 at 2018-11-25 14:35:33 +0300
Processing by PagesController#app as HTML
  Rendering pages/app.html.erb within layouts/application
  Rendered pages/app.html.erb within layouts/application (1.0ms)
Completed 200 OK in 57ms (Views: 52.1ms | ActiveRecord: 0.0ms)


Started GET "/" for 127.0.0.1 at 2018-11-25 14:35:56 +0300
Processing by PagesController#app as HTML
  Rendering pages/app.html.erb within layouts/application
  Rendered pages/app.html.erb within layouts/application (0.6ms)
Completed 200 OK in 28ms (Views: 24.3ms | ActiveRecord: 0.0ms)


Started GET "/" for 127.0.0.1 at 2018-11-25 14:39:03 +0300
Processing by PagesController#app as HTML
  Rendering pages/app.html.erb within layouts/application
  Rendered pages/app.html.erb within layouts/application (0.4ms)
Completed 200 OK in 27ms (Views: 23.6ms | ActiveRecord: 0.0ms)


Started GET "/" for 127.0.0.1 at 2018-11-25 14:39:16 +0300
Processing by PagesController#app as HTML
  Rendering pages/app.html.erb within layouts/application
  Rendered pages/app.html.erb within layouts/application (0.6ms)
Completed 200 OK in 42ms (Views: 37.6ms | ActiveRecord: 0.0ms)


Started GET "/" for 127.0.0.1 at 2018-11-25 14:39:22 +0300
Processing by PagesController#app as HTML
  Rendering pages/app.html.erb within layouts/application
  Rendered pages/app.html.erb within layouts/application (1.8ms)
Completed 200 OK in 51ms (Views: 47.7ms | ActiveRecord: 0.0ms)


Started GET "/" for 127.0.0.1 at 2018-11-25 14:39:27 +0300
Processing by PagesController#app as HTML
  Rendering pages/app.html.erb within layouts/application
  Rendered pages/app.html.erb within layouts/application (0.6ms)
Completed 200 OK in 36ms (Views: 33.6ms | ActiveRecord: 0.0ms)


Started GET "/" for 127.0.0.1 at 2018-11-25 14:39:33 +0300
Processing by PagesController#app as HTML
  Rendering pages/app.html.erb within layouts/application
  Rendered pages/app.html.erb within layouts/application (0.4ms)
Completed 200 OK in 30ms (Views: 24.2ms | ActiveRecord: 0.0ms)


Started GET "/" for 127.0.0.1 at 2018-11-25 14:39:37 +0300
Processing by PagesController#app as HTML
  Rendering pages/app.html.erb within layouts/application
  Rendered pages/app.html.erb within layouts/application (0.9ms)
Completed 200 OK in 39ms (Views: 36.6ms | ActiveRecord: 0.0ms)


Started GET "/" for 127.0.0.1 at 2018-11-25 14:39:55 +0300
Processing by PagesController#app as HTML
  Rendering pages/app.html.erb within layouts/application
  Rendered pages/app.html.erb within layouts/application (0.8ms)
Completed 200 OK in 35ms (Views: 29.7ms | ActiveRecord: 0.0ms)


Started GET "/" for 127.0.0.1 at 2018-11-25 14:40:07 +0300
Processing by PagesController#app as HTML
  Rendering pages/app.html.erb within layouts/application
  Rendered pages/app.html.erb within layouts/application (0.8ms)
Completed 200 OK in 38ms (Views: 33.3ms | ActiveRecord: 0.0ms)


Started GET "/" for 127.0.0.1 at 2018-11-25 14:40:12 +0300
Processing by PagesController#app as HTML
  Rendering pages/app.html.erb within layouts/application
  Rendered pages/app.html.erb within layouts/application (0.5ms)
Completed 200 OK in 28ms (Views: 23.5ms | ActiveRecord: 0.0ms)


Started GET "/" for 127.0.0.1 at 2018-11-25 14:41:43 +0300
Processing by PagesController#app as HTML
  Rendering pages/app.html.erb within layouts/application
  Rendered pages/app.html.erb within layouts/application (0.9ms)
Completed 200 OK in 43ms (Views: 40.3ms | ActiveRecord: 0.0ms)


Started GET "/" for 127.0.0.1 at 2018-11-25 14:41:56 +0300
Processing by PagesController#app as HTML
  Rendering pages/app.html.erb within layouts/application
  Rendered pages/app.html.erb within layouts/application (0.7ms)
Completed 200 OK in 35ms (Views: 31.5ms | ActiveRecord: 0.0ms)


Started GET "/" for 127.0.0.1 at 2018-11-25 14:41:57 +0300
Processing by PagesController#app as HTML
  Rendering pages/app.html.erb within layouts/application
  Rendered pages/app.html.erb within layouts/application (0.6ms)
Completed 200 OK in 43ms (Views: 38.7ms | ActiveRecord: 0.0ms)


Started GET "/" for 127.0.0.1 at 2018-11-25 15:19:12 +0300
Processing by PagesController#app as HTML
  Rendering pages/app.html.erb within layouts/application
  Rendered pages/app.html.erb within layouts/application (1.2ms)
Completed 200 OK in 41ms (Views: 36.6ms | ActiveRecord: 0.0ms)


Started GET "/" for 127.0.0.1 at 2018-11-25 15:19:16 +0300
Processing by PagesController#app as HTML
  Rendering pages/app.html.erb within layouts/application
  Rendered pages/app.html.erb within layouts/application (0.4ms)
Completed 200 OK in 41ms (Views: 28.0ms | ActiveRecord: 0.0ms)


Started GET "/" for 127.0.0.1 at 2018-11-25 15:19:26 +0300
Processing by PagesController#app as HTML
  Rendering pages/app.html.erb within layouts/application
  Rendered pages/app.html.erb within layouts/application (0.8ms)
Completed 200 OK in 44ms (Views: 37.8ms | ActiveRecord: 0.0ms)


Started GET "/" for 127.0.0.1 at 2018-11-25 15:19:38 +0300
Processing by PagesController#app as HTML
  Rendering pages/app.html.erb within layouts/application
  Rendered pages/app.html.erb within layouts/application (0.6ms)
Completed 200 OK in 65ms (Views: 54.4ms | ActiveRecord: 0.0ms)


Started GET "/" for 127.0.0.1 at 2018-11-25 15:20:07 +0300
Processing by PagesController#app as HTML
  Rendering pages/app.html.erb within layouts/application
  Rendered pages/app.html.erb within layouts/application (0.4ms)
Completed 200 OK in 35ms (Views: 29.1ms | ActiveRecord: 0.0ms)


Started GET "/" for 127.0.0.1 at 2018-11-25 15:20:15 +0300
Processing by PagesController#app as HTML
  Rendering pages/app.html.erb within layouts/application
  Rendered pages/app.html.erb within layouts/application (0.6ms)
Completed 200 OK in 73ms (Views: 66.6ms | ActiveRecord: 0.0ms)


Started GET "/" for 127.0.0.1 at 2018-11-25 15:21:35 +0300
Processing by PagesController#app as HTML
  Rendering pages/app.html.erb within layouts/application
  Rendered pages/app.html.erb within layouts/application (0.5ms)
Completed 200 OK in 32ms (Views: 29.2ms | ActiveRecord: 0.0ms)


Started GET "/" for 127.0.0.1 at 2018-11-25 15:21:46 +0300
Processing by PagesController#app as HTML
  Rendering pages/app.html.erb within layouts/application
  Rendered pages/app.html.erb within layouts/application (0.6ms)
Completed 200 OK in 32ms (Views: 27.8ms | ActiveRecord: 0.0ms)


Started GET "/" for 127.0.0.1 at 2018-11-25 15:22:01 +0300
Processing by PagesController#app as HTML
  Rendering pages/app.html.erb within layouts/application
  Rendered pages/app.html.erb within layouts/application (0.9ms)
Completed 200 OK in 58ms (Views: 50.6ms | ActiveRecord: 0.0ms)


Started GET "/" for 127.0.0.1 at 2018-11-25 15:22:18 +0300
Processing by PagesController#app as HTML
  Rendering pages/app.html.erb within layouts/application
  Rendered pages/app.html.erb within layouts/application (0.7ms)
Completed 200 OK in 42ms (Views: 39.1ms | ActiveRecord: 0.0ms)


Started GET "/" for 127.0.0.1 at 2018-11-25 15:24:27 +0300
Processing by PagesController#app as HTML
  Rendering pages/app.html.erb within layouts/application
  Rendered pages/app.html.erb within layouts/application (0.5ms)
Completed 200 OK in 26ms (Views: 22.6ms | ActiveRecord: 0.0ms)


Started GET "/" for 127.0.0.1 at 2018-11-25 15:25:02 +0300
Processing by PagesController#app as HTML
  Rendering pages/app.html.erb within layouts/application
  Rendered pages/app.html.erb within layouts/application (0.7ms)
Completed 200 OK in 36ms (Views: 32.3ms | ActiveRecord: 0.0ms)


Started GET "/" for 127.0.0.1 at 2018-11-25 15:25:38 +0300
Processing by PagesController#app as HTML
  Rendering pages/app.html.erb within layouts/application
  Rendered pages/app.html.erb within layouts/application (0.6ms)
Completed 200 OK in 28ms (Views: 24.8ms | ActiveRecord: 0.0ms)


Started GET "/" for 127.0.0.1 at 2018-11-25 15:25:48 +0300
Processing by PagesController#app as HTML
  Rendering pages/app.html.erb within layouts/application
  Rendered pages/app.html.erb within layouts/application (1.2ms)
Completed 200 OK in 84ms (Views: 78.2ms | ActiveRecord: 0.0ms)


Started GET "/" for 127.0.0.1 at 2018-11-25 15:25:58 +0300
Processing by PagesController#app as HTML
  Rendering pages/app.html.erb within layouts/application
  Rendered pages/app.html.erb within layouts/application (0.8ms)
Completed 200 OK in 41ms (Views: 34.5ms | ActiveRecord: 0.0ms)


Started GET "/" for 127.0.0.1 at 2018-11-25 15:30:20 +0300
Processing by PagesController#app as HTML
  Rendering pages/app.html.erb within layouts/application
  Rendered pages/app.html.erb within layouts/application (0.6ms)
Completed 200 OK in 33ms (Views: 29.9ms | ActiveRecord: 0.0ms)


Started GET "/" for 127.0.0.1 at 2018-11-25 15:30:35 +0300
Processing by PagesController#app as HTML
  Rendering pages/app.html.erb within layouts/application
  Rendered pages/app.html.erb within layouts/application (0.5ms)
Completed 200 OK in 33ms (Views: 28.5ms | ActiveRecord: 0.0ms)


Started GET "/" for 127.0.0.1 at 2018-11-25 15:31:12 +0300
Processing by PagesController#app as HTML
  Rendering pages/app.html.erb within layouts/application
  Rendered pages/app.html.erb within layouts/application (1.3ms)
Completed 200 OK in 29ms (Views: 26.3ms | ActiveRecord: 0.0ms)


Started GET "/" for 127.0.0.1 at 2018-11-25 15:34:31 +0300
Processing by PagesController#app as HTML
  Rendering pages/app.html.erb within layouts/application
  Rendered pages/app.html.erb within layouts/application (1.1ms)
Completed 200 OK in 48ms (Views: 43.1ms | ActiveRecord: 0.0ms)


Started GET "/" for 127.0.0.1 at 2018-11-25 15:38:25 +0300
Processing by PagesController#app as HTML
  Rendering pages/app.html.erb within layouts/application
  Rendered pages/app.html.erb within layouts/application (1.1ms)
Completed 200 OK in 42ms (Views: 36.6ms | ActiveRecord: 0.0ms)


Started GET "/" for 127.0.0.1 at 2018-11-25 15:38:38 +0300
Processing by PagesController#app as HTML
  Rendering pages/app.html.erb within layouts/application
  Rendered pages/app.html.erb within layouts/application (0.5ms)
Completed 200 OK in 39ms (Views: 32.8ms | ActiveRecord: 0.0ms)


Started GET "/" for 127.0.0.1 at 2018-11-25 15:38:49 +0300
Processing by PagesController#app as HTML
  Rendering pages/app.html.erb within layouts/application
  Rendered pages/app.html.erb within layouts/application (0.4ms)
Completed 200 OK in 31ms (Views: 26.0ms | ActiveRecord: 0.0ms)


Started GET "/" for 127.0.0.1 at 2018-11-25 15:39:09 +0300
Processing by PagesController#app as HTML
  Rendering pages/app.html.erb within layouts/application
  Rendered pages/app.html.erb within layouts/application (0.6ms)
Completed 200 OK in 41ms (Views: 35.9ms | ActiveRecord: 0.0ms)


Started GET "/" for 127.0.0.1 at 2018-11-25 15:39:19 +0300
Processing by PagesController#app as HTML
  Rendering pages/app.html.erb within layouts/application
  Rendered pages/app.html.erb within layouts/application (0.6ms)
Completed 200 OK in 34ms (Views: 26.5ms | ActiveRecord: 0.0ms)


Started GET "/" for 127.0.0.1 at 2018-11-25 15:39:31 +0300
Processing by PagesController#app as HTML
  Rendering pages/app.html.erb within layouts/application
  Rendered pages/app.html.erb within layouts/application (0.5ms)
Completed 200 OK in 41ms (Views: 36.2ms | ActiveRecord: 0.0ms)


Started GET "/" for 127.0.0.1 at 2018-11-25 15:40:22 +0300
Processing by PagesController#app as HTML
  Rendering pages/app.html.erb within layouts/application
  Rendered pages/app.html.erb within layouts/application (1.1ms)
Completed 200 OK in 40ms (Views: 36.9ms | ActiveRecord: 0.0ms)


Started GET "/" for 127.0.0.1 at 2018-11-25 15:40:34 +0300
Processing by PagesController#app as HTML
  Rendering pages/app.html.erb within layouts/application
  Rendered pages/app.html.erb within layouts/application (0.7ms)
Completed 200 OK in 40ms (Views: 36.4ms | ActiveRecord: 0.0ms)


Started GET "/" for 127.0.0.1 at 2018-11-25 15:40:52 +0300
Processing by PagesController#app as HTML
  Rendering pages/app.html.erb within layouts/application
  Rendered pages/app.html.erb within layouts/application (1.2ms)
Completed 200 OK in 43ms (Views: 39.5ms | ActiveRecord: 0.0ms)


Started GET "/" for 127.0.0.1 at 2018-11-25 15:41:57 +0300
Processing by PagesController#app as HTML
  Rendering pages/app.html.erb within layouts/application
  Rendered pages/app.html.erb within layouts/application (0.5ms)
Completed 200 OK in 28ms (Views: 24.6ms | ActiveRecord: 0.0ms)


Started GET "/" for 127.0.0.1 at 2018-11-25 15:42:41 +0300
Processing by PagesController#app as HTML
  Rendering pages/app.html.erb within layouts/application
  Rendered pages/app.html.erb within layouts/application (0.6ms)
Completed 200 OK in 30ms (Views: 26.6ms | ActiveRecord: 0.0ms)


Started GET "/" for 127.0.0.1 at 2018-11-25 15:43:44 +0300
Processing by PagesController#app as HTML
  Rendering pages/app.html.erb within layouts/application
  Rendered pages/app.html.erb within layouts/application (0.5ms)
Completed 200 OK in 29ms (Views: 26.7ms | ActiveRecord: 0.0ms)


Started GET "/" for 127.0.0.1 at 2018-11-25 15:43:56 +0300
Processing by PagesController#app as HTML
  Rendering pages/app.html.erb within layouts/application
  Rendered pages/app.html.erb within layouts/application (1.2ms)
Completed 200 OK in 51ms (Views: 46.2ms | ActiveRecord: 0.0ms)


Started GET "/" for 127.0.0.1 at 2018-11-25 15:44:49 +0300
Processing by PagesController#app as HTML
  Rendering pages/app.html.erb within layouts/application
  Rendered pages/app.html.erb within layouts/application (0.5ms)
Completed 200 OK in 27ms (Views: 24.2ms | ActiveRecord: 0.0ms)


Started GET "/" for 127.0.0.1 at 2018-11-25 15:44:54 +0300
Processing by PagesController#app as HTML
  Rendering pages/app.html.erb within layouts/application
  Rendered pages/app.html.erb within layouts/application (0.5ms)
Completed 200 OK in 37ms (Views: 31.8ms | ActiveRecord: 0.0ms)


Started GET "/" for 127.0.0.1 at 2018-11-25 15:45:48 +0300
Processing by PagesController#app as HTML
  Rendering pages/app.html.erb within layouts/application
  Rendered pages/app.html.erb within layouts/application (0.7ms)
Completed 200 OK in 35ms (Views: 32.1ms | ActiveRecord: 0.0ms)


Started GET "/" for 127.0.0.1 at 2018-11-25 15:46:05 +0300
Processing by PagesController#app as HTML
  Rendering pages/app.html.erb within layouts/application
  Rendered pages/app.html.erb within layouts/application (0.5ms)
Completed 200 OK in 30ms (Views: 22.5ms | ActiveRecord: 0.0ms)


Started GET "/" for 127.0.0.1 at 2018-11-25 15:46:15 +0300
Processing by PagesController#app as HTML
  Rendering pages/app.html.erb within layouts/application
  Rendered pages/app.html.erb within layouts/application (2.0ms)
Completed 200 OK in 112ms (Views: 98.6ms | ActiveRecord: 0.0ms)


Started GET "/" for 127.0.0.1 at 2018-11-25 15:46:38 +0300
Processing by PagesController#app as HTML
  Rendering pages/app.html.erb within layouts/application
  Rendered pages/app.html.erb within layouts/application (0.7ms)
Completed 200 OK in 36ms (Views: 32.3ms | ActiveRecord: 0.0ms)


Started GET "/" for 127.0.0.1 at 2018-11-25 15:46:43 +0300
Processing by PagesController#app as HTML
  Rendering pages/app.html.erb within layouts/application
  Rendered pages/app.html.erb within layouts/application (0.6ms)
Completed 200 OK in 35ms (Views: 30.2ms | ActiveRecord: 0.0ms)


Started GET "/" for 127.0.0.1 at 2018-11-25 15:46:49 +0300
Processing by PagesController#app as HTML
  Rendering pages/app.html.erb within layouts/application
  Rendered pages/app.html.erb within layouts/application (0.5ms)
Completed 200 OK in 50ms (Views: 46.7ms | ActiveRecord: 0.0ms)


Started GET "/" for 127.0.0.1 at 2018-11-25 15:46:55 +0300
Processing by PagesController#app as HTML
  Rendering pages/app.html.erb within layouts/application
  Rendered pages/app.html.erb within layouts/application (0.5ms)
Completed 200 OK in 22ms (Views: 19.6ms | ActiveRecord: 0.0ms)


Started GET "/" for 127.0.0.1 at 2018-11-25 15:47:08 +0300
Processing by PagesController#app as HTML
  Rendering pages/app.html.erb within layouts/application
  Rendered pages/app.html.erb within layouts/application (1.1ms)
Completed 200 OK in 38ms (Views: 35.0ms | ActiveRecord: 0.0ms)


Started GET "/" for 127.0.0.1 at 2018-11-25 15:47:13 +0300
Processing by PagesController#app as HTML
  Rendering pages/app.html.erb within layouts/application
  Rendered pages/app.html.erb within layouts/application (0.6ms)
Completed 200 OK in 37ms (Views: 32.9ms | ActiveRecord: 0.0ms)


Started GET "/" for 127.0.0.1 at 2018-11-25 15:47:24 +0300
Processing by PagesController#app as HTML
  Rendering pages/app.html.erb within layouts/application
  Rendered pages/app.html.erb within layouts/application (0.8ms)
Completed 200 OK in 48ms (Views: 42.9ms | ActiveRecord: 0.0ms)


Started GET "/" for 127.0.0.1 at 2018-11-25 15:47:28 +0300
Processing by PagesController#app as HTML
  Rendering pages/app.html.erb within layouts/application
  Rendered pages/app.html.erb within layouts/application (0.5ms)
Completed 200 OK in 28ms (Views: 25.4ms | ActiveRecord: 0.0ms)


Started GET "/" for 127.0.0.1 at 2018-11-25 15:48:24 +0300
Processing by PagesController#app as HTML
  Rendering pages/app.html.erb within layouts/application
  Rendered pages/app.html.erb within layouts/application (1.2ms)
Completed 200 OK in 54ms (Views: 46.7ms | ActiveRecord: 0.0ms)


Started GET "/" for 127.0.0.1 at 2018-11-25 15:48:30 +0300
Processing by PagesController#app as HTML
  Rendering pages/app.html.erb within layouts/application
  Rendered pages/app.html.erb within layouts/application (1.5ms)
Completed 200 OK in 98ms (Views: 94.6ms | ActiveRecord: 0.0ms)


Started GET "/" for 127.0.0.1 at 2018-11-25 15:48:41 +0300
Processing by PagesController#app as HTML
  Rendering pages/app.html.erb within layouts/application
  Rendered pages/app.html.erb within layouts/application (1.2ms)
Completed 200 OK in 44ms (Views: 40.1ms | ActiveRecord: 0.0ms)


Started GET "/" for 127.0.0.1 at 2018-11-25 15:48:59 +0300
Processing by PagesController#app as HTML
  Rendering pages/app.html.erb within layouts/application
  Rendered pages/app.html.erb within layouts/application (1.0ms)
Completed 200 OK in 31ms (Views: 28.2ms | ActiveRecord: 0.0ms)


Started GET "/" for 127.0.0.1 at 2018-11-25 15:49:01 +0300
Processing by PagesController#app as HTML
  Rendering pages/app.html.erb within layouts/application
  Rendered pages/app.html.erb within layouts/application (0.7ms)
Completed 200 OK in 27ms (Views: 24.2ms | ActiveRecord: 0.0ms)


Started GET "/" for 127.0.0.1 at 2018-11-25 15:49:07 +0300
Processing by PagesController#app as HTML
  Rendering pages/app.html.erb within layouts/application
  Rendered pages/app.html.erb within layouts/application (0.5ms)
Completed 200 OK in 30ms (Views: 25.6ms | ActiveRecord: 0.0ms)


Started GET "/" for 127.0.0.1 at 2018-11-25 15:49:11 +0300
Processing by PagesController#app as HTML
  Rendering pages/app.html.erb within layouts/application
  Rendered pages/app.html.erb within layouts/application (0.7ms)
Completed 200 OK in 34ms (Views: 29.9ms | ActiveRecord: 0.0ms)


Started GET "/" for 127.0.0.1 at 2018-11-25 15:49:16 +0300
Processing by PagesController#app as HTML
  Rendering pages/app.html.erb within layouts/application
  Rendered pages/app.html.erb within layouts/application (0.7ms)
Completed 200 OK in 41ms (Views: 34.6ms | ActiveRecord: 0.0ms)


Started GET "/" for 127.0.0.1 at 2018-11-25 15:49:37 +0300
Processing by PagesController#app as HTML
  Rendering pages/app.html.erb within layouts/application
  Rendered pages/app.html.erb within layouts/application (0.6ms)
Completed 200 OK in 33ms (Views: 28.2ms | ActiveRecord: 0.0ms)


Started GET "/" for 127.0.0.1 at 2018-11-25 15:49:45 +0300
Processing by PagesController#app as HTML
  Rendering pages/app.html.erb within layouts/application
  Rendered pages/app.html.erb within layouts/application (0.5ms)
Completed 200 OK in 33ms (Views: 25.5ms | ActiveRecord: 0.0ms)


Started GET "/" for 127.0.0.1 at 2018-11-25 15:51:55 +0300
Processing by PagesController#app as HTML
  Rendering pages/app.html.erb within layouts/application
  Rendered pages/app.html.erb within layouts/application (1.2ms)
Completed 200 OK in 35ms (Views: 32.7ms | ActiveRecord: 0.0ms)


Started GET "/" for 127.0.0.1 at 2018-11-25 15:52:09 +0300
Processing by PagesController#app as HTML
  Rendering pages/app.html.erb within layouts/application
  Rendered pages/app.html.erb within layouts/application (0.7ms)
Completed 200 OK in 40ms (Views: 33.7ms | ActiveRecord: 0.0ms)


Started GET "/" for 127.0.0.1 at 2018-11-25 15:53:09 +0300
Processing by PagesController#app as HTML
  Rendering pages/app.html.erb within layouts/application
  Rendered pages/app.html.erb within layouts/application (0.5ms)
Completed 200 OK in 39ms (Views: 34.0ms | ActiveRecord: 0.0ms)


Started GET "/" for 127.0.0.1 at 2018-11-25 15:55:15 +0300
Processing by PagesController#app as HTML
  Rendering pages/app.html.erb within layouts/application
  Rendered pages/app.html.erb within layouts/application (0.8ms)
Completed 200 OK in 35ms (Views: 32.1ms | ActiveRecord: 0.0ms)


Started GET "/" for 127.0.0.1 at 2018-11-25 15:55:36 +0300
Processing by PagesController#app as HTML
  Rendering pages/app.html.erb within layouts/application
  Rendered pages/app.html.erb within layouts/application (0.5ms)
Completed 200 OK in 29ms (Views: 23.4ms | ActiveRecord: 0.0ms)


Started GET "/" for 127.0.0.1 at 2018-11-25 15:57:18 +0300
Processing by PagesController#app as HTML
  Rendering pages/app.html.erb within layouts/application
  Rendered pages/app.html.erb within layouts/application (0.6ms)
Completed 200 OK in 37ms (Views: 33.1ms | ActiveRecord: 0.0ms)


Started GET "/" for 127.0.0.1 at 2018-11-25 15:57:38 +0300
Processing by PagesController#app as HTML
  Rendering pages/app.html.erb within layouts/application
  Rendered pages/app.html.erb within layouts/application (0.7ms)
Completed 200 OK in 39ms (Views: 32.4ms | ActiveRecord: 0.0ms)


Started GET "/" for 127.0.0.1 at 2018-11-25 16:11:14 +0300
Processing by PagesController#app as HTML
  Rendering pages/app.html.erb within layouts/application
  Rendered pages/app.html.erb within layouts/application (2.4ms)
Completed 200 OK in 133ms (Views: 125.0ms | ActiveRecord: 0.0ms)


Started GET "/" for 127.0.0.1 at 2018-11-25 16:11:24 +0300
Processing by PagesController#app as HTML
  Rendering pages/app.html.erb within layouts/application
  Rendered pages/app.html.erb within layouts/application (1.2ms)
Completed 200 OK in 34ms (Views: 31.0ms | ActiveRecord: 0.0ms)


Started GET "/" for 127.0.0.1 at 2018-11-25 16:11:48 +0300
Processing by PagesController#app as HTML
  Rendering pages/app.html.erb within layouts/application
  Rendered pages/app.html.erb within layouts/application (0.7ms)
Completed 200 OK in 49ms (Views: 44.9ms | ActiveRecord: 0.0ms)


Started GET "/" for 127.0.0.1 at 2018-11-25 16:11:52 +0300
Processing by PagesController#app as HTML
  Rendering pages/app.html.erb within layouts/application
  Rendered pages/app.html.erb within layouts/application (0.7ms)
Completed 200 OK in 59ms (Views: 53.8ms | ActiveRecord: 0.0ms)


Started GET "/" for 127.0.0.1 at 2018-11-25 16:12:05 +0300
Processing by PagesController#app as HTML
  Rendering pages/app.html.erb within layouts/application
  Rendered pages/app.html.erb within layouts/application (0.5ms)
Completed 200 OK in 34ms (Views: 30.6ms | ActiveRecord: 0.0ms)


Started GET "/" for 127.0.0.1 at 2018-11-25 16:12:21 +0300
Processing by PagesController#app as HTML
  Rendering pages/app.html.erb within layouts/application
  Rendered pages/app.html.erb within layouts/application (0.8ms)
Completed 200 OK in 30ms (Views: 26.8ms | ActiveRecord: 0.0ms)


Started GET "/" for 127.0.0.1 at 2018-11-25 16:12:34 +0300
Processing by PagesController#app as HTML
  Rendering pages/app.html.erb within layouts/application
  Rendered pages/app.html.erb within layouts/application (0.5ms)
Completed 200 OK in 43ms (Views: 38.6ms | ActiveRecord: 0.0ms)


Started GET "/" for 127.0.0.1 at 2018-11-25 16:13:49 +0300
Processing by PagesController#app as HTML
  Rendering pages/app.html.erb within layouts/application
  Rendered pages/app.html.erb within layouts/application (0.6ms)
Completed 200 OK in 31ms (Views: 28.6ms | ActiveRecord: 0.0ms)


Started GET "/" for 127.0.0.1 at 2018-11-25 16:15:12 +0300
Processing by PagesController#app as HTML
  Rendering pages/app.html.erb within layouts/application
  Rendered pages/app.html.erb within layouts/application (1.2ms)
Completed 200 OK in 45ms (Views: 42.3ms | ActiveRecord: 0.0ms)


Started GET "/" for 127.0.0.1 at 2018-11-25 16:15:28 +0300
Processing by PagesController#app as HTML
  Rendering pages/app.html.erb within layouts/application
  Rendered pages/app.html.erb within layouts/application (0.5ms)
Completed 200 OK in 26ms (Views: 22.9ms | ActiveRecord: 0.0ms)


Started GET "/" for 127.0.0.1 at 2018-11-25 16:16:13 +0300
Processing by PagesController#app as HTML
  Rendering pages/app.html.erb within layouts/application
  Rendered pages/app.html.erb within layouts/application (0.7ms)
Completed 200 OK in 35ms (Views: 31.8ms | ActiveRecord: 0.0ms)


Started GET "/" for 127.0.0.1 at 2018-11-25 16:16:27 +0300
Processing by PagesController#app as HTML
  Rendering pages/app.html.erb within layouts/application
  Rendered pages/app.html.erb within layouts/application (1.5ms)
Completed 200 OK in 60ms (Views: 54.8ms | ActiveRecord: 0.0ms)


Started GET "/" for 127.0.0.1 at 2018-11-25 16:16:51 +0300
Processing by PagesController#app as HTML
  Rendering pages/app.html.erb within layouts/application
  Rendered pages/app.html.erb within layouts/application (0.8ms)
Completed 200 OK in 49ms (Views: 45.1ms | ActiveRecord: 0.0ms)


Started GET "/" for 127.0.0.1 at 2018-11-25 16:17:17 +0300
Processing by PagesController#app as HTML
  Rendering pages/app.html.erb within layouts/application
  Rendered pages/app.html.erb within layouts/application (1.5ms)
Completed 200 OK in 52ms (Views: 46.8ms | ActiveRecord: 0.0ms)


Started GET "/" for 127.0.0.1 at 2018-11-25 16:17:27 +0300
Processing by PagesController#app as HTML
  Rendering pages/app.html.erb within layouts/application
  Rendered pages/app.html.erb within layouts/application (0.7ms)
Completed 200 OK in 37ms (Views: 32.6ms | ActiveRecord: 0.0ms)


Started GET "/" for 127.0.0.1 at 2018-11-25 16:19:27 +0300
Processing by PagesController#app as HTML
  Rendering pages/app.html.erb within layouts/application
  Rendered pages/app.html.erb within layouts/application (0.6ms)
Completed 200 OK in 48ms (Views: 43.0ms | ActiveRecord: 0.0ms)


Started GET "/" for 127.0.0.1 at 2018-11-25 16:19:32 +0300
Processing by PagesController#app as HTML
  Rendering pages/app.html.erb within layouts/application
  Rendered pages/app.html.erb within layouts/application (0.5ms)
Completed 200 OK in 37ms (Views: 31.5ms | ActiveRecord: 0.0ms)


Started GET "/" for 127.0.0.1 at 2018-11-25 16:19:40 +0300
Processing by PagesController#app as HTML
  Rendering pages/app.html.erb within layouts/application
  Rendered pages/app.html.erb within layouts/application (1.0ms)
Completed 200 OK in 26ms (Views: 22.7ms | ActiveRecord: 0.0ms)


Started GET "/" for 127.0.0.1 at 2018-11-25 16:20:00 +0300
Processing by PagesController#app as HTML
  Rendering pages/app.html.erb within layouts/application
  Rendered pages/app.html.erb within layouts/application (1.1ms)
Completed 200 OK in 40ms (Views: 36.5ms | ActiveRecord: 0.0ms)


Started GET "/" for 127.0.0.1 at 2018-11-25 16:20:22 +0300
Processing by PagesController#app as HTML
  Rendering pages/app.html.erb within layouts/application
  Rendered pages/app.html.erb within layouts/application (0.7ms)
Completed 200 OK in 36ms (Views: 33.3ms | ActiveRecord: 0.0ms)


Started GET "/" for 127.0.0.1 at 2018-11-25 16:20:28 +0300
Processing by PagesController#app as HTML
  Rendering pages/app.html.erb within layouts/application
  Rendered pages/app.html.erb within layouts/application (1.0ms)
Completed 200 OK in 45ms (Views: 42.5ms | ActiveRecord: 0.0ms)


Started GET "/" for 127.0.0.1 at 2018-11-25 16:20:48 +0300
Processing by PagesController#app as HTML
  Rendering pages/app.html.erb within layouts/application
  Rendered pages/app.html.erb within layouts/application (2.2ms)
Completed 200 OK in 49ms (Views: 45.0ms | ActiveRecord: 0.0ms)


Started GET "/" for 127.0.0.1 at 2018-11-25 16:21:20 +0300
Processing by PagesController#app as HTML
  Rendering pages/app.html.erb within layouts/application
  Rendered pages/app.html.erb within layouts/application (1.3ms)
Completed 200 OK in 35ms (Views: 31.7ms | ActiveRecord: 0.0ms)


Started GET "/" for 127.0.0.1 at 2018-11-25 16:21:34 +0300
Processing by PagesController#app as HTML
  Rendering pages/app.html.erb within layouts/application
  Rendered pages/app.html.erb within layouts/application (0.6ms)
Completed 200 OK in 29ms (Views: 25.1ms | ActiveRecord: 0.0ms)


Started GET "/" for 127.0.0.1 at 2018-11-25 16:21:53 +0300
Processing by PagesController#app as HTML
  Rendering pages/app.html.erb within layouts/application
  Rendered pages/app.html.erb within layouts/application (0.8ms)
Completed 200 OK in 42ms (Views: 38.4ms | ActiveRecord: 0.0ms)


Started GET "/" for 127.0.0.1 at 2018-11-25 16:23:05 +0300
Processing by PagesController#app as HTML
  Rendering pages/app.html.erb within layouts/application
  Rendered pages/app.html.erb within layouts/application (0.7ms)
Completed 200 OK in 40ms (Views: 36.3ms | ActiveRecord: 0.0ms)


Started GET "/" for 127.0.0.1 at 2018-11-25 16:23:08 +0300
Processing by PagesController#app as HTML
  Rendering pages/app.html.erb within layouts/application
  Rendered pages/app.html.erb within layouts/application (0.9ms)
Completed 200 OK in 62ms (Views: 52.9ms | ActiveRecord: 0.0ms)


Started GET "/" for 127.0.0.1 at 2018-11-25 16:23:29 +0300
Processing by PagesController#app as HTML
  Rendering pages/app.html.erb within layouts/application
  Rendered pages/app.html.erb within layouts/application (0.6ms)
Completed 200 OK in 31ms (Views: 27.4ms | ActiveRecord: 0.0ms)


Started GET "/" for 127.0.0.1 at 2018-11-25 16:23:33 +0300
Processing by PagesController#app as HTML
  Rendering pages/app.html.erb within layouts/application
  Rendered pages/app.html.erb within layouts/application (1.0ms)
Completed 200 OK in 47ms (Views: 41.7ms | ActiveRecord: 0.0ms)


Started GET "/" for 127.0.0.1 at 2018-11-25 16:23:41 +0300
Processing by PagesController#app as HTML
  Rendering pages/app.html.erb within layouts/application
  Rendered pages/app.html.erb within layouts/application (0.7ms)
Completed 200 OK in 35ms (Views: 31.9ms | ActiveRecord: 0.0ms)


Started GET "/" for 127.0.0.1 at 2018-11-25 16:24:10 +0300
Processing by PagesController#app as HTML
  Rendering pages/app.html.erb within layouts/application
  Rendered pages/app.html.erb within layouts/application (0.6ms)
Completed 200 OK in 30ms (Views: 26.7ms | ActiveRecord: 0.0ms)


Started GET "/" for 127.0.0.1 at 2018-11-25 16:24:20 +0300
Processing by PagesController#app as HTML
  Rendering pages/app.html.erb within layouts/application
  Rendered pages/app.html.erb within layouts/application (0.7ms)
Completed 200 OK in 28ms (Views: 24.3ms | ActiveRecord: 0.0ms)


Started GET "/" for 127.0.0.1 at 2018-11-25 16:24:39 +0300
Processing by PagesController#app as HTML
  Rendering pages/app.html.erb within layouts/application
  Rendered pages/app.html.erb within layouts/application (0.7ms)
Completed 200 OK in 29ms (Views: 26.3ms | ActiveRecord: 0.0ms)


Started GET "/" for 127.0.0.1 at 2018-11-25 16:24:57 +0300
Processing by PagesController#app as HTML
  Rendering pages/app.html.erb within layouts/application
  Rendered pages/app.html.erb within layouts/application (0.5ms)
Completed 200 OK in 25ms (Views: 22.3ms | ActiveRecord: 0.0ms)


Started GET "/" for 127.0.0.1 at 2018-11-25 16:26:02 +0300
Processing by PagesController#app as HTML
  Rendering pages/app.html.erb within layouts/application
  Rendered pages/app.html.erb within layouts/application (0.8ms)
Completed 200 OK in 35ms (Views: 31.6ms | ActiveRecord: 0.0ms)


Started GET "/" for 127.0.0.1 at 2018-11-25 16:26:42 +0300
Processing by PagesController#app as HTML
  Rendering pages/app.html.erb within layouts/application
  Rendered pages/app.html.erb within layouts/application (0.6ms)
Completed 200 OK in 32ms (Views: 28.6ms | ActiveRecord: 0.0ms)


Started GET "/" for 127.0.0.1 at 2018-11-25 16:27:10 +0300
Processing by PagesController#app as HTML
  Rendering pages/app.html.erb within layouts/application
  Rendered pages/app.html.erb within layouts/application (1.3ms)
Completed 200 OK in 31ms (Views: 28.3ms | ActiveRecord: 0.0ms)


Started GET "/" for 127.0.0.1 at 2018-11-25 16:27:31 +0300
Processing by PagesController#app as HTML
  Rendering pages/app.html.erb within layouts/application
  Rendered pages/app.html.erb within layouts/application (0.8ms)
Completed 200 OK in 36ms (Views: 33.1ms | ActiveRecord: 0.0ms)


Started GET "/" for 127.0.0.1 at 2018-11-25 16:27:39 +0300
Processing by PagesController#app as HTML
  Rendering pages/app.html.erb within layouts/application
  Rendered pages/app.html.erb within layouts/application (1.2ms)
Completed 200 OK in 45ms (Views: 39.7ms | ActiveRecord: 0.0ms)


Started GET "/" for 127.0.0.1 at 2018-11-25 16:27:52 +0300
Processing by PagesController#app as HTML
  Rendering pages/app.html.erb within layouts/application
  Rendered pages/app.html.erb within layouts/application (0.8ms)
Completed 200 OK in 33ms (Views: 29.7ms | ActiveRecord: 0.0ms)


Started GET "/" for 127.0.0.1 at 2018-11-25 16:28:01 +0300
Processing by PagesController#app as HTML
  Rendering pages/app.html.erb within layouts/application
  Rendered pages/app.html.erb within layouts/application (0.7ms)
Completed 200 OK in 24ms (Views: 20.9ms | ActiveRecord: 0.0ms)


Started GET "/" for 127.0.0.1 at 2018-11-25 16:28:04 +0300
Processing by PagesController#app as HTML
  Rendering pages/app.html.erb within layouts/application
  Rendered pages/app.html.erb within layouts/application (0.9ms)
Completed 200 OK in 31ms (Views: 27.2ms | ActiveRecord: 0.0ms)


Started GET "/" for 127.0.0.1 at 2018-11-25 16:28:06 +0300
Processing by PagesController#app as HTML
  Rendering pages/app.html.erb within layouts/application
  Rendered pages/app.html.erb within layouts/application (1.7ms)
Completed 200 OK in 28ms (Views: 25.4ms | ActiveRecord: 0.0ms)


Started GET "/" for 127.0.0.1 at 2018-11-25 16:29:43 +0300
Processing by PagesController#app as HTML
  Rendering pages/app.html.erb within layouts/application
  Rendered pages/app.html.erb within layouts/application (0.7ms)
Completed 200 OK in 28ms (Views: 23.9ms | ActiveRecord: 0.0ms)


Started GET "/" for 127.0.0.1 at 2018-11-25 16:29:47 +0300
Processing by PagesController#app as HTML
  Rendering pages/app.html.erb within layouts/application
  Rendered pages/app.html.erb within layouts/application (0.5ms)
Completed 200 OK in 25ms (Views: 22.0ms | ActiveRecord: 0.0ms)


Started GET "/" for 127.0.0.1 at 2018-11-25 16:29:54 +0300
Processing by PagesController#app as HTML
  Rendering pages/app.html.erb within layouts/application
  Rendered pages/app.html.erb within layouts/application (0.7ms)
Completed 200 OK in 33ms (Views: 29.8ms | ActiveRecord: 0.0ms)


Started GET "/" for 127.0.0.1 at 2018-11-25 16:30:32 +0300
Processing by PagesController#app as HTML
  Rendering pages/app.html.erb within layouts/application
  Rendered pages/app.html.erb within layouts/application (1.3ms)
Completed 200 OK in 49ms (Views: 45.5ms | ActiveRecord: 0.0ms)


Started GET "/" for 127.0.0.1 at 2018-11-25 16:31:54 +0300
Processing by PagesController#app as HTML
  Rendering pages/app.html.erb within layouts/application
  Rendered pages/app.html.erb within layouts/application (0.6ms)
Completed 200 OK in 49ms (Views: 44.6ms | ActiveRecord: 0.0ms)


Started GET "/" for 127.0.0.1 at 2018-11-25 16:33:55 +0300
Processing by PagesController#app as HTML
  Rendering pages/app.html.erb within layouts/application
  Rendered pages/app.html.erb within layouts/application (1.0ms)
Completed 200 OK in 28ms (Views: 24.8ms | ActiveRecord: 0.0ms)


Started GET "/" for 127.0.0.1 at 2018-11-25 16:34:16 +0300
Processing by PagesController#app as HTML
  Rendering pages/app.html.erb within layouts/application
  Rendered pages/app.html.erb within layouts/application (0.9ms)
Completed 200 OK in 37ms (Views: 33.8ms | ActiveRecord: 0.0ms)


Started GET "/" for 127.0.0.1 at 2018-11-25 16:34:35 +0300
Processing by PagesController#app as HTML
  Rendering pages/app.html.erb within layouts/application
  Rendered pages/app.html.erb within layouts/application (0.7ms)
Completed 200 OK in 36ms (Views: 32.6ms | ActiveRecord: 0.0ms)


Started GET "/" for 127.0.0.1 at 2018-11-25 16:34:52 +0300
Processing by PagesController#app as HTML
  Rendering pages/app.html.erb within layouts/application
  Rendered pages/app.html.erb within layouts/application (0.7ms)
Completed 200 OK in 32ms (Views: 28.8ms | ActiveRecord: 0.0ms)


Started GET "/" for 127.0.0.1 at 2018-11-25 16:34:56 +0300
Processing by PagesController#app as HTML
  Rendering pages/app.html.erb within layouts/application
  Rendered pages/app.html.erb within layouts/application (0.6ms)
Completed 200 OK in 39ms (Views: 35.7ms | ActiveRecord: 0.0ms)


Started GET "/" for 127.0.0.1 at 2018-11-25 16:36:06 +0300
Processing by PagesController#app as HTML
  Rendering pages/app.html.erb within layouts/application
  Rendered pages/app.html.erb within layouts/application (0.9ms)
Completed 200 OK in 46ms (Views: 41.6ms | ActiveRecord: 0.0ms)


Started GET "/" for 127.0.0.1 at 2018-11-25 16:36:22 +0300
Processing by PagesController#app as HTML
  Rendering pages/app.html.erb within layouts/application
  Rendered pages/app.html.erb within layouts/application (0.6ms)
Completed 200 OK in 29ms (Views: 26.9ms | ActiveRecord: 0.0ms)


Started GET "/" for 127.0.0.1 at 2018-11-25 16:36:40 +0300
Processing by PagesController#app as HTML
  Rendering pages/app.html.erb within layouts/application
  Rendered pages/app.html.erb within layouts/application (0.8ms)
Completed 200 OK in 63ms (Views: 55.3ms | ActiveRecord: 0.0ms)


Started GET "/" for 127.0.0.1 at 2018-11-25 16:37:11 +0300
Processing by PagesController#app as HTML
  Rendering pages/app.html.erb within layouts/application
  Rendered pages/app.html.erb within layouts/application (1.0ms)
Completed 200 OK in 55ms (Views: 48.6ms | ActiveRecord: 0.0ms)


Started GET "/" for 127.0.0.1 at 2018-11-25 16:37:18 +0300
Processing by PagesController#app as HTML
  Rendering pages/app.html.erb within layouts/application
  Rendered pages/app.html.erb within layouts/application (0.8ms)
Completed 200 OK in 39ms (Views: 34.6ms | ActiveRecord: 0.0ms)


Started GET "/" for 127.0.0.1 at 2018-11-25 16:37:51 +0300
Processing by PagesController#app as HTML
  Rendering pages/app.html.erb within layouts/application
  Rendered pages/app.html.erb within layouts/application (0.7ms)
Completed 200 OK in 48ms (Views: 44.1ms | ActiveRecord: 0.0ms)


Started GET "/" for 127.0.0.1 at 2018-11-25 16:38:29 +0300
Processing by PagesController#app as HTML
  Rendering pages/app.html.erb within layouts/application
  Rendered pages/app.html.erb within layouts/application (1.5ms)
Completed 200 OK in 117ms (Views: 110.5ms | ActiveRecord: 0.0ms)


Started GET "/" for 127.0.0.1 at 2018-11-25 16:38:47 +0300
Processing by PagesController#app as HTML
  Rendering pages/app.html.erb within layouts/application
  Rendered pages/app.html.erb within layouts/application (0.9ms)
Completed 200 OK in 64ms (Views: 54.6ms | ActiveRecord: 0.0ms)


Started GET "/" for 127.0.0.1 at 2018-11-25 16:39:13 +0300
Processing by PagesController#app as HTML
  Rendering pages/app.html.erb within layouts/application
  Rendered pages/app.html.erb within layouts/application (0.6ms)
Completed 200 OK in 39ms (Views: 35.9ms | ActiveRecord: 0.0ms)


Started GET "/" for 127.0.0.1 at 2018-11-25 16:39:36 +0300
Processing by PagesController#app as HTML
  Rendering pages/app.html.erb within layouts/application
  Rendered pages/app.html.erb within layouts/application (1.1ms)
Completed 200 OK in 38ms (Views: 32.1ms | ActiveRecord: 0.0ms)


Started GET "/" for 127.0.0.1 at 2018-11-25 16:39:39 +0300
Processing by PagesController#app as HTML
  Rendering pages/app.html.erb within layouts/application
  Rendered pages/app.html.erb within layouts/application (0.6ms)
Completed 200 OK in 26ms (Views: 23.0ms | ActiveRecord: 0.0ms)


Started GET "/" for 127.0.0.1 at 2018-11-25 16:39:47 +0300
Processing by PagesController#app as HTML
  Rendering pages/app.html.erb within layouts/application
  Rendered pages/app.html.erb within layouts/application (1.9ms)
Completed 200 OK in 53ms (Views: 50.2ms | ActiveRecord: 0.0ms)


Started GET "/" for 127.0.0.1 at 2018-11-25 16:40:16 +0300
Processing by PagesController#app as HTML
  Rendering pages/app.html.erb within layouts/application
  Rendered pages/app.html.erb within layouts/application (3.7ms)
Completed 200 OK in 78ms (Views: 72.0ms | ActiveRecord: 0.0ms)


Started GET "/" for 127.0.0.1 at 2018-11-25 16:40:41 +0300
Processing by PagesController#app as HTML
  Rendering pages/app.html.erb within layouts/application
  Rendered pages/app.html.erb within layouts/application (0.8ms)
Completed 200 OK in 35ms (Views: 31.9ms | ActiveRecord: 0.0ms)


Started GET "/" for 127.0.0.1 at 2018-11-25 16:40:45 +0300
Processing by PagesController#app as HTML
  Rendering pages/app.html.erb within layouts/application
  Rendered pages/app.html.erb within layouts/application (1.0ms)
Completed 200 OK in 51ms (Views: 43.8ms | ActiveRecord: 0.0ms)


Started GET "/" for 127.0.0.1 at 2018-11-25 16:41:13 +0300
Processing by PagesController#app as HTML
  Rendering pages/app.html.erb within layouts/application
  Rendered pages/app.html.erb within layouts/application (0.9ms)
Completed 200 OK in 33ms (Views: 29.1ms | ActiveRecord: 0.0ms)


Started GET "/" for 127.0.0.1 at 2018-11-25 16:41:17 +0300
Processing by PagesController#app as HTML
  Rendering pages/app.html.erb within layouts/application
  Rendered pages/app.html.erb within layouts/application (0.6ms)
Completed 200 OK in 29ms (Views: 25.7ms | ActiveRecord: 0.0ms)


Started GET "/" for 127.0.0.1 at 2018-11-25 16:41:20 +0300
Processing by PagesController#app as HTML
  Rendering pages/app.html.erb within layouts/application
  Rendered pages/app.html.erb within layouts/application (0.6ms)
Completed 200 OK in 29ms (Views: 25.2ms | ActiveRecord: 0.0ms)


Started GET "/" for 127.0.0.1 at 2018-11-25 16:41:49 +0300
Processing by PagesController#app as HTML
  Rendering pages/app.html.erb within layouts/application
  Rendered pages/app.html.erb within layouts/application (1.0ms)
Completed 200 OK in 43ms (Views: 40.0ms | ActiveRecord: 0.0ms)


Started GET "/" for 127.0.0.1 at 2018-11-25 16:42:11 +0300
Processing by PagesController#app as HTML
  Rendering pages/app.html.erb within layouts/application
  Rendered pages/app.html.erb within layouts/application (0.8ms)
Completed 200 OK in 37ms (Views: 34.1ms | ActiveRecord: 0.0ms)


Started GET "/" for 127.0.0.1 at 2018-11-25 16:45:41 +0300
Processing by PagesController#app as HTML
  Rendering pages/app.html.erb within layouts/application
  Rendered pages/app.html.erb within layouts/application (0.9ms)
Completed 200 OK in 67ms (Views: 62.0ms | ActiveRecord: 0.0ms)


Started GET "/" for 127.0.0.1 at 2018-11-25 16:46:02 +0300
Processing by PagesController#app as HTML
  Rendering pages/app.html.erb within layouts/application
  Rendered pages/app.html.erb within layouts/application (0.9ms)
Completed 200 OK in 33ms (Views: 29.5ms | ActiveRecord: 0.0ms)


Started GET "/" for 127.0.0.1 at 2018-11-25 16:46:26 +0300
Processing by PagesController#app as HTML
  Rendering pages/app.html.erb within layouts/application
  Rendered pages/app.html.erb within layouts/application (1.3ms)
Completed 200 OK in 36ms (Views: 33.4ms | ActiveRecord: 0.0ms)


Started GET "/" for 127.0.0.1 at 2018-11-25 16:46:31 +0300
Processing by PagesController#app as HTML
  Rendering pages/app.html.erb within layouts/application
  Rendered pages/app.html.erb within layouts/application (1.4ms)
Completed 200 OK in 109ms (Views: 100.0ms | ActiveRecord: 0.0ms)


Started GET "/" for 127.0.0.1 at 2018-11-25 16:46:46 +0300
Processing by PagesController#app as HTML
  Rendering pages/app.html.erb within layouts/application
  Rendered pages/app.html.erb within layouts/application (0.9ms)
Completed 200 OK in 50ms (Views: 43.2ms | ActiveRecord: 0.0ms)


Started GET "/" for 127.0.0.1 at 2018-11-25 16:48:49 +0300
Processing by PagesController#app as HTML
  Rendering pages/app.html.erb within layouts/application
  Rendered pages/app.html.erb within layouts/application (1.6ms)
Completed 200 OK in 76ms (Views: 71.6ms | ActiveRecord: 0.0ms)


Started GET "/" for 127.0.0.1 at 2018-11-25 16:49:16 +0300
Processing by PagesController#app as HTML
  Rendering pages/app.html.erb within layouts/application
  Rendered pages/app.html.erb within layouts/application (1.1ms)
Completed 200 OK in 38ms (Views: 33.7ms | ActiveRecord: 0.0ms)


Started GET "/" for 127.0.0.1 at 2018-11-25 16:49:21 +0300
Processing by PagesController#app as HTML
  Rendering pages/app.html.erb within layouts/application
  Rendered pages/app.html.erb within layouts/application (1.3ms)
Completed 200 OK in 85ms (Views: 78.4ms | ActiveRecord: 0.0ms)


